#
# A fatal error has been detected by the Java Runtime Environment:
#
#  EXCEPTION_ACCESS_VIOLATION (0xc0000005) at pc=0x0878c1e3, pid=3680, tid=4788
#
# JRE version: 7.0_21-b11
# Java VM: Java HotSpot(TM) Client VM (23.21-b01 mixed mode, sharing windows-x86 )
# Problematic frame:
# C  [atioglxx.dll+0xa6c1e3]  atiPS+0x16baf3
#
# Failed to write core dump. Minidumps are not enabled by default on client versions of Windows
#
# If you would like to submit a bug report, please visit:
#   http://bugreport.sun.com/bugreport/crash.jsp
#

---------------  T H R E A D  ---------------

Current thread (0x02211000):  VMThread [stack: 0x042b0000,0x04300000] [id=4788]

siginfo: ExceptionCode=0xc0000005, reading address 0x00000000

Registers:
EAX=0x00000000, EBX=0x09a0bc48, ECX=0x0b6993e0, EDX=0x08d0aecc
ESP=0x042ff8c0, EBP=0x042ff8d0, ESI=0x0b6993e0, EDI=0x0b6993e0
EIP=0x0878c1e3, EFLAGS=0x00010212

Top of Stack: (sp=0x042ff8c0)
0x042ff8c0:   00000008 0b6993e0 049a0000 76941136
0x042ff8d0:   042ff8f0 086603c8 09368e4c 0878a5b5
0x042ff8e0:   00000001 09a0bc48 09e6b2b8 09367738
0x042ff8f0:   042ff918 086dc7c1 09368e4c 09d6a2c0
0x042ff900:   07e34de9 0a4ad008 07da0f22 00000000
0x042ff910:   09a0bc48 099fc2e8 042ff930 0856cf65
0x042ff920:   0a4ad008 00000001 099fc2e8 08fa0ca4
0x042ff930:   042ff940 0856cd6c 099fc2e8 0a42e3c0 

Instructions: (pc=0x0878c1e3)
0x0878c1c3:   24 89 5e 28 5e 5b c3 cc cc cc cc cc cc 55 8b ec
0x0878c1d3:   83 ec 08 56 57 8b f9 8b 47 0c c7 07 cc ae d0 08
0x0878c1e3:   8b 30 3b f0 74 53 8b 15 6c 64 e6 08 90 8b 4e 1c
0x0878c1f3:   85 c9 74 0e 8b 01 8b 10 6a 01 ff d2 8b 15 6c 64 


Register to memory mapping:

EAX=
[error occurred during error reporting (printing register info), id 0xc0000005]

Stack: [0x042b0000,0x04300000],  sp=0x042ff8c0,  free space=318k
Native frames: (J=compiled Java code, j=interpreted, Vv=VM code, C=native code)
C  [atioglxx.dll+0xa6c1e3]  atiPS+0x16baf3
C  [atioglxx.dll+0x9403c8]  atiPS+0x3fcd8
C  [atioglxx.dll+0x9bc7c1]  atiPS+0xbc0d1
C  [atioglxx.dll+0x84cf65]  DrvPresentBuffers+0x803d35
C  [atioglxx.dll+0x84cd6c]  DrvPresentBuffers+0x803b3c
C  [atioglxx.dll+0x864fb0]  DrvPresentBuffers+0x81bd80
C  [atioglxx.dll+0x84824f]  DrvPresentBuffers+0x7ff01f
C  [atioglxx.dll+0x850ade]  DrvPresentBuffers+0x8078ae
C  [atioglxx.dll+0x19277]  DrvDeleteContext+0x127
C  [OpenGL32.dll+0x3b97c]  wglDeleteContext+0x58
C  [OpenGL32.dll+0x3a7de]  wglSwapMultipleBuffers+0x531
C  [OpenGL32.dll+0x2997d]  glTexSubImage2D+0x2572c
C  [OpenGL32.dll+0x9aeed]  wglChoosePixelFormat+0x549d2
C  [ntdll.dll+0x399a0]  RtlQueryEnvironmentVariable+0x241
C  [ntdll.dll+0x4d702]  LdrShutdownProcess+0x141
C  [ntdll.dll+0x4d5a4]  RtlExitUserProcess+0x74
C  [kernel32.dll+0x17a0d]  ExitProcess+0x15
C  [msvcr100.dll+0x27ec3]  IsExceptionObjectToBeDestroyed+0x2ac
C  [msvcr100.dll+0x27fe0]  IsExceptionObjectToBeDestroyed+0x3c9
C  [msvcr100.dll+0x28051]  exit+0x11
V  [jvm.dll+0x12a2b2]
V  [jvm.dll+0x1504fd]
V  [jvm.dll+0x14f6ce]
V  [jvm.dll+0x14fa57]
V  [jvm.dll+0x14ff22]
V  [jvm.dll+0x1802a9]
C  [msvcr100.dll+0x5c6de]  endthreadex+0x3a
C  [msvcr100.dll+0x5c788]  endthreadex+0xe4
C  [kernel32.dll+0x133aa]  BaseThreadInitThunk+0x12
C  [ntdll.dll+0x39f72]  RtlInitializeExceptionChain+0x63
C  [ntdll.dll+0x39f45]  RtlInitializeExceptionChain+0x36

VM_Operation (0x0a73ea30): Exit, mode: safepoint, requested by thread 0x079a8c00


---------------  P R O C E S S  ---------------

Java Threads: ( => current thread )
  0x0215bc00 JavaThread "DestroyJavaVM" [_thread_blocked, id=12484, stack(0x00a80000,0x00ad0000)]
  0x07a71800 JavaThread "Timer-0" [_thread_blocked, id=9128, stack(0x05830000,0x05880000)]
  0x079a8c00 JavaThread "AWT-EventQueue-0" [_thread_blocked, id=10552, stack(0x0a6f0000,0x0a740000)]
  0x07940400 JavaThread "AWT-Shutdown" [_thread_blocked, id=8648, stack(0x0a660000,0x0a6b0000)]
  0x04b8dc00 JavaThread "Java2D Disposer" daemon [_thread_blocked, id=12480, stack(0x04a00000,0x04a50000)]
  0x02233800 JavaThread "Service Thread" daemon [_thread_blocked, id=8876, stack(0x049b0000,0x04a00000)]
  0x0222e400 JavaThread "C1 CompilerThread0" daemon [_thread_blocked, id=12444, stack(0x043d0000,0x04420000)]
  0x0222d000 JavaThread "Attach Listener" daemon [_thread_blocked, id=12384, stack(0x047d0000,0x04820000)]
  0x0222a000 JavaThread "Signal Dispatcher" daemon [_thread_blocked, id=9088, stack(0x04560000,0x045b0000)]
  0x02213c00 JavaThread "Finalizer" daemon [_thread_blocked, id=11584, stack(0x045c0000,0x04610000)]
  0x02212800 JavaThread "Reference Handler" daemon [_thread_blocked, id=5984, stack(0x04340000,0x04390000)]

Other Threads:
=>0x02211000 VMThread [stack: 0x042b0000,0x04300000] [id=4788]

VM state:at safepoint (shutting down)

VM Mutex/Monitor currently owned by a thread:  ([mutex/lock_event])
[0x02159718] Threads_lock - owner thread: 0x02211000

Heap
 def new generation   total 22336K, used 1878K [0x246e0000, 0x25f10000, 0x29c30000)
  eden space 19904K,   6% used [0x246e0000, 0x2481ef60, 0x25a50000)
  from space 2432K,  24% used [0x25a50000, 0x25ae6a10, 0x25cb0000)
  to   space 2432K,   0% used [0x25cb0000, 0x25cb0000, 0x25f10000)
 tenured generation   total 49404K, used 37832K [0x29c30000, 0x2cc6f000, 0x346e0000)
   the space 49404K,  76% used [0x29c30000, 0x2c122220, 0x2c122400, 0x2cc6f000)
 compacting perm gen  total 12288K, used 5004K [0x346e0000, 0x352e0000, 0x386e0000)
   the space 12288K,  40% used [0x346e0000, 0x34bc33a8, 0x34bc3400, 0x352e0000)
    ro space 10240K,  42% used [0x386e0000, 0x38b222a0, 0x38b22400, 0x390e0000)
    rw space 12288K,  54% used [0x390e0000, 0x39763250, 0x39763400, 0x39ce0000)

Card table byte_map: [0x02080000,0x02130000] byte_map_base: 0x01f5c900

Polling page: 0x00180000

Code Cache  [0x02260000, 0x023c0000, 0x04260000)
 total_blobs=756 nmethods=374 adapters=317 free_code_cache=31376Kb largest_free_block=32128576

Compilation events (10 events):
Event: 8.414 Thread 0x0222e400  374             sun.reflect.ByteVectorImpl::add (38 bytes)
Event: 8.414 Thread 0x0222e400 nmethod 374 0x023bb9c8 code [0x023bbad0, 0x023bbbbc]
Event: 8.921 Thread 0x0222e400  375             java.util.Arrays::copyOf (47 bytes)
Event: 8.921 Thread 0x0222e400 nmethod 375 0x023bbcc8 code [0x023bbdf0, 0x023bc094]
Event: 9.014 Thread 0x0222e400  376             java.util.Arrays::copyOf (13 bytes)
Event: 9.014 Thread 0x0222e400 nmethod 376 0x0235a088 code [0x0235a180, 0x0235a20c]
Event: 9.038 Thread 0x0222e400  377             java.util.ArrayList::grow (45 bytes)
Event: 9.038 Thread 0x0222e400 nmethod 377 0x02359cc8 code [0x02359de0, 0x02359f48]
Event: 9.346 Thread 0x0222e400  378             java.nio.Bits::byteOrder (20 bytes)
Event: 9.346 Thread 0x0222e400 nmethod 378 0x02361208 code [0x02361300, 0x02361370]

GC Heap History (10 events):
Event: 8.618 GC heap before
{Heap before GC invocations=58 (full 4):
 def new generation   total 22336K, used 19934K [0x246e0000, 0x25f10000, 0x29c30000)
  eden space 19904K, 100% used [0x246e0000, 0x25a50000, 0x25a50000)
  from space 2432K,   1% used [0x25cb0000, 0x25cb79f8, 0x25f10000)
  to   space 2432K,   0% used [0x25a50000, 0x25a50000, 0x25cb0000)
 tenured generation   total 49404K, used 37832K [0x29c30000, 0x2cc6f000, 0x346e0000)
   the space 49404K,  76% used [0x29c30000, 0x2c122220, 0x2c122400, 0x2cc6f000)
 compacting perm gen  total 12288K, used 4975K [0x346e0000, 0x352e0000, 0x386e0000)
   the space 12288K,  40% used [0x346e0000, 0x34bbbe80, 0x34bbc000, 0x352e0000)
    ro space 10240K,  42% used [0x386e0000, 0x38b222a0, 0x38b22400, 0x390e0000)
    rw space 12288K,  54% used [0x390e0000, 0x39763250, 0x39763400, 0x39ce0000)
Event: 8.622 GC heap after
Heap after GC invocations=59 (full 4):
 def new generation   total 22336K, used 428K [0x246e0000, 0x25f10000, 0x29c30000)
  eden space 19904K,   0% used [0x246e0000, 0x246e0000, 0x25a50000)
  from space 2432K,  17% used [0x25a50000, 0x25abb210, 0x25cb0000)
  to   space 2432K,   0% used [0x25cb0000, 0x25cb0000, 0x25f10000)
 tenured generation   total 49404K, used 37832K [0x29c30000, 0x2cc6f000, 0x346e0000)
   the space 49404K,  76% used [0x29c30000, 0x2c122220, 0x2c122400, 0x2cc6f000)
 compacting perm gen  total 12288K, used 4975K [0x346e0000, 0x352e0000, 0x386e0000)
   the space 12288K,  40% used [0x346e0000, 0x34bbbe80, 0x34bbc000, 0x352e0000)
    ro space 10240K,  42% used [0x386e0000, 0x38b222a0, 0x38b22400, 0x390e0000)
    rw space 12288K,  54% used [0x390e0000, 0x39763250, 0x39763400, 0x39ce0000)
}
Event: 8.850 GC heap before
{Heap before GC invocations=59 (full 4):
 def new generation   total 22336K, used 20332K [0x246e0000, 0x25f10000, 0x29c30000)
  eden space 19904K, 100% used [0x246e0000, 0x25a50000, 0x25a50000)
  from space 2432K,  17% used [0x25a50000, 0x25abb210, 0x25cb0000)
  to   space 2432K,   0% used [0x25cb0000, 0x25cb0000, 0x25f10000)
 tenured generation   total 49404K, used 37832K [0x29c30000, 0x2cc6f000, 0x346e0000)
   the space 49404K,  76% used [0x29c30000, 0x2c122220, 0x2c122400, 0x2cc6f000)
 compacting perm gen  total 12288K, used 4980K [0x346e0000, 0x352e0000, 0x386e0000)
   the space 12288K,  40% used [0x346e0000, 0x34bbd350, 0x34bbd400, 0x352e0000)
    ro space 10240K,  42% used [0x386e0000, 0x38b222a0, 0x38b22400, 0x390e0000)
    rw space 12288K,  54% used [0x390e0000, 0x39763250, 0x39763400, 0x39ce0000)
Event: 8.853 GC heap after
Heap after GC invocations=60 (full 4):
 def new generation   total 22336K, used 121K [0x246e0000, 0x25f10000, 0x29c30000)
  eden space 19904K,   0% used [0x246e0000, 0x246e0000, 0x25a50000)
  from space 2432K,   5% used [0x25cb0000, 0x25cce690, 0x25f10000)
  to   space 2432K,   0% used [0x25a50000, 0x25a50000, 0x25cb0000)
 tenured generation   total 49404K, used 37832K [0x29c30000, 0x2cc6f000, 0x346e0000)
   the space 49404K,  76% used [0x29c30000, 0x2c122220, 0x2c122400, 0x2cc6f000)
 compacting perm gen  total 12288K, used 4980K [0x346e0000, 0x352e0000, 0x386e0000)
   the space 12288K,  40% used [0x346e0000, 0x34bbd350, 0x34bbd400, 0x352e0000)
    ro space 10240K,  42% used [0x386e0000, 0x38b222a0, 0x38b22400, 0x390e0000)
    rw space 12288K,  54% used [0x390e0000, 0x39763250, 0x39763400, 0x39ce0000)
}
Event: 9.077 GC heap before
{Heap before GC invocations=60 (full 4):
 def new generation   total 22336K, used 20025K [0x246e0000, 0x25f10000, 0x29c30000)
  eden space 19904K, 100% used [0x246e0000, 0x25a50000, 0x25a50000)
  from space 2432K,   5% used [0x25cb0000, 0x25cce690, 0x25f10000)
  to   space 2432K,   0% used [0x25a50000, 0x25a50000, 0x25cb0000)
 tenured generation   total 49404K, used 37832K [0x29c30000, 0x2cc6f000, 0x346e0000)
   the space 49404K,  76% used [0x29c30000, 0x2c122220, 0x2c122400, 0x2cc6f000)
 compacting perm gen  total 12288K, used 4980K [0x346e0000, 0x352e0000, 0x386e0000)
   the space 12288K,  40% used [0x346e0000, 0x34bbd350, 0x34bbd400, 0x352e0000)
    ro space 10240K,  42% used [0x386e0000, 0x38b222a0, 0x38b22400, 0x390e0000)
    rw space 12288K,  54% used [0x390e0000, 0x39763250, 0x39763400, 0x39ce0000)
Event: 9.081 GC heap after
Heap after GC invocations=61 (full 4):
 def new generation   total 22336K, used 510K [0x246e0000, 0x25f10000, 0x29c30000)
  eden space 19904K,   0% used [0x246e0000, 0x246e0000, 0x25a50000)
  from space 2432K,  20% used [0x25a50000, 0x25acf8e0, 0x25cb0000)
  to   space 2432K,   0% used [0x25cb0000, 0x25cb0000, 0x25f10000)
 tenured generation   total 49404K, used 37832K [0x29c30000, 0x2cc6f000, 0x346e0000)
   the space 49404K,  76% used [0x29c30000, 0x2c122220, 0x2c122400, 0x2cc6f000)
 compacting perm gen  total 12288K, used 4980K [0x346e0000, 0x352e0000, 0x386e0000)
   the space 12288K,  40% used [0x346e0000, 0x34bbd350, 0x34bbd400, 0x352e0000)
    ro space 10240K,  42% used [0x386e0000, 0x38b222a0, 0x38b22400, 0x390e0000)
    rw space 12288K,  54% used [0x390e0000, 0x39763250, 0x39763400, 0x39ce0000)
}
Event: 9.304 GC heap before
{Heap before GC invocations=61 (full 4):
 def new generation   total 22336K, used 20414K [0x246e0000, 0x25f10000, 0x29c30000)
  eden space 19904K, 100% used [0x246e0000, 0x25a50000, 0x25a50000)
  from space 2432K,  20% used [0x25a50000, 0x25acf8e0, 0x25cb0000)
  to   space 2432K,   0% used [0x25cb0000, 0x25cb0000, 0x25f10000)
 tenured generation   total 49404K, used 37832K [0x29c30000, 0x2cc6f000, 0x346e0000)
   the space 49404K,  76% used [0x29c30000, 0x2c122220, 0x2c122400, 0x2cc6f000)
 compacting perm gen  total 12288K, used 4980K [0x346e0000, 0x352e0000, 0x386e0000)
   the space 12288K,  40% used [0x346e0000, 0x34bbd350, 0x34bbd400, 0x352e0000)
    ro space 10240K,  42% used [0x386e0000, 0x38b222a0, 0x38b22400, 0x390e0000)
    rw space 12288K,  54% used [0x390e0000, 0x39763250, 0x39763400, 0x39ce0000)
Event: 9.307 GC heap after
Heap after GC invocations=62 (full 4):
 def new generation   total 22336K, used 226K [0x246e0000, 0x25f10000, 0x29c30000)
  eden space 19904K,   0% used [0x246e0000, 0x246e0000, 0x25a50000)
  from space 2432K,   9% used [0x25cb0000, 0x25ce8bb8, 0x25f10000)
  to   space 2432K,   0% used [0x25a50000, 0x25a50000, 0x25cb0000)
 tenured generation   total 49404K, used 37832K [0x29c30000, 0x2cc6f000, 0x346e0000)
   the space 49404K,  76% used [0x29c30000, 0x2c122220, 0x2c122400, 0x2cc6f000)
 compacting perm gen  total 12288K, used 4980K [0x346e0000, 0x352e0000, 0x386e0000)
   the space 12288K,  40% used [0x346e0000, 0x34bbd350, 0x34bbd400, 0x352e0000)
    ro space 10240K,  42% used [0x386e0000, 0x38b222a0, 0x38b22400, 0x390e0000)
    rw space 12288K,  54% used [0x390e0000, 0x39763250, 0x39763400, 0x39ce0000)
}
Event: 9.527 GC heap before
{Heap before GC invocations=62 (full 4):
 def new generation   total 22336K, used 20130K [0x246e0000, 0x25f10000, 0x29c30000)
  eden space 19904K, 100% used [0x246e0000, 0x25a50000, 0x25a50000)
  from space 2432K,   9% used [0x25cb0000, 0x25ce8bb8, 0x25f10000)
  to   space 2432K,   0% used [0x25a50000, 0x25a50000, 0x25cb0000)
 tenured generation   total 49404K, used 37832K [0x29c30000, 0x2cc6f000, 0x346e0000)
   the space 49404K,  76% used [0x29c30000, 0x2c122220, 0x2c122400, 0x2cc6f000)
 compacting perm gen  total 12288K, used 4980K [0x346e0000, 0x352e0000, 0x386e0000)
   the space 12288K,  40% used [0x346e0000, 0x34bbd350, 0x34bbd400, 0x352e0000)
    ro space 10240K,  42% used [0x386e0000, 0x38b222a0, 0x38b22400, 0x390e0000)
    rw space 12288K,  54% used [0x390e0000, 0x39763250, 0x39763400, 0x39ce0000)
Event: 9.532 GC heap after
Heap after GC invocations=63 (full 4):
 def new generation   total 22336K, used 602K [0x246e0000, 0x25f10000, 0x29c30000)
  eden space 19904K,   0% used [0x246e0000, 0x246e0000, 0x25a50000)
  from space 2432K,  24% used [0x25a50000, 0x25ae6a10, 0x25cb0000)
  to   space 2432K,   0% used [0x25cb0000, 0x25cb0000, 0x25f10000)
 tenured generation   total 49404K, used 37832K [0x29c30000, 0x2cc6f000, 0x346e0000)
   the space 49404K,  76% used [0x29c30000, 0x2c122220, 0x2c122400, 0x2cc6f000)
 compacting perm gen  total 12288K, used 4980K [0x346e0000, 0x352e0000, 0x386e0000)
   the space 12288K,  40% used [0x346e0000, 0x34bbd350, 0x34bbd400, 0x352e0000)
    ro space 10240K,  42% used [0x386e0000, 0x38b222a0, 0x38b22400, 0x390e0000)
    rw space 12288K,  54% used [0x390e0000, 0x39763250, 0x39763400, 0x39ce0000)
}

Deoptimization events (0 events):
No events

Internal exceptions (10 events):
Event: 4.317 Thread 0x079a8c00 Threw 0x249d3818 at C:\jdk7u2_32P\jdk7u21\hotspot\src\share\vm\prims\jvm.cpp:1166
Event: 4.343 Thread 0x079a8c00 Threw 0x24a7afe8 at C:\jdk7u2_32P\jdk7u21\hotspot\src\share\vm\prims\jvm.cpp:1166
Event: 4.625 Thread 0x079a8c00 Threw 0x247b6818 at C:\jdk7u2_32P\jdk7u21\hotspot\src\share\vm\prims\jvm.cpp:1166
Event: 7.765 Thread 0x079a8c00 Threw 0x2549a470 at C:\jdk7u2_32P\jdk7u21\hotspot\src\share\vm\prims\jvm.cpp:1166
Event: 8.080 Thread 0x07a71800 Threw 0x256fcf48 at C:\jdk7u2_32P\jdk7u21\hotspot\src\share\vm\prims\jvm.cpp:1166
Event: 9.732 Thread 0x07c39800 Threw 0x24806620 at C:\jdk7u2_32P\jdk7u21\hotspot\src\share\vm\prims\jvm.cpp:1166
Event: 9.734 Thread 0x07c39800 Threw 0x2480cd80 at C:\jdk7u2_32P\jdk7u21\hotspot\src\share\vm\prims\jvm.cpp:1166
Event: 9.735 Thread 0x07c39800 Threw 0x24810378 at C:\jdk7u2_32P\jdk7u21\hotspot\src\share\vm\prims\jvm.cpp:1166
Event: 9.737 Thread 0x07c39800 Threw 0x248173f8 at C:\jdk7u2_32P\jdk7u21\hotspot\src\share\vm\prims\jvm.cpp:1166
Event: 9.737 Thread 0x07c39800 Threw 0x2481b208 at C:\jdk7u2_32P\jdk7u21\hotspot\src\share\vm\prims\jvm.cpp:1166

Events (10 events):
Event: 9.734 loading class 0x07bc3d50
Event: 9.734 loading class 0x07bc3d50 done
Event: 9.737 loading class 0x07bc3cd0
Event: 9.737 loading class 0x07bc3cd0 done
Event: 9.737 loading class 0x07be9cd0
Event: 9.737 loading class 0x07be9cd0 done
Event: 9.738 Thread 0x07c39800 Thread exited: 0x07c39800
Event: 9.744 Thread 0x04b91000 Thread exited: 0x04b91000
Event: 9.813 Thread 0x07c37c00 Thread exited: 0x07c37c00
Event: 9.813 Executing VM operation: Exit


Dynamic libraries:
0x00bb0000 - 0x00bdf000 	C:\Program Files (x86)\Java\jre7\bin\javaw.exe
0x77380000 - 0x77500000 	C:\windows\SysWOW64\ntdll.dll
0x76930000 - 0x76a40000 	C:\windows\syswow64\kernel32.dll
0x75550000 - 0x75597000 	C:\windows\syswow64\KERNELBASE.dll
0x75170000 - 0x75210000 	C:\windows\syswow64\ADVAPI32.dll
0x75210000 - 0x752bc000 	C:\windows\syswow64\msvcrt.dll
0x765c0000 - 0x765d9000 	C:\windows\SysWOW64\sechost.dll
0x75080000 - 0x75170000 	C:\windows\syswow64\RPCRT4.dll
0x74dd0000 - 0x74e30000 	C:\windows\syswow64\SspiCli.dll
0x74dc0000 - 0x74dcc000 	C:\windows\syswow64\CRYPTBASE.dll
0x76e80000 - 0x76f80000 	C:\windows\syswow64\USER32.dll
0x76a70000 - 0x76b00000 	C:\windows\syswow64\GDI32.dll
0x76d30000 - 0x76d3a000 	C:\windows\syswow64\LPK.dll
0x752c0000 - 0x7535d000 	C:\windows\syswow64\USP10.dll
0x710a0000 - 0x7123e000 	C:\windows\WinSxS\x86_microsoft.windows.common-controls_6595b64144ccf1df_6.0.7601.17514_none_41e6975e2bd6f2b2\COMCTL32.dll
0x76e20000 - 0x76e77000 	C:\windows\syswow64\SHLWAPI.dll
0x76d50000 - 0x76db0000 	C:\windows\system32\IMM32.DLL
0x75480000 - 0x7554c000 	C:\windows\syswow64\MSCTF.dll
0x6e860000 - 0x6e91e000 	C:\Program Files (x86)\Java\jre7\bin\msvcr100.dll
0x6c2b0000 - 0x6c5ff000 	C:\Program Files (x86)\Java\jre7\bin\client\jvm.dll
0x73390000 - 0x73397000 	C:\windows\system32\WSOCK32.dll
0x76db0000 - 0x76de5000 	C:\windows\syswow64\WS2_32.dll
0x76d20000 - 0x76d26000 	C:\windows\syswow64\NSI.dll
0x72b30000 - 0x72b62000 	C:\windows\system32\WINMM.dll
0x76e00000 - 0x76e05000 	C:\windows\syswow64\PSAPI.DLL
0x74b20000 - 0x74b2c000 	C:\Program Files (x86)\Java\jre7\bin\verify.dll
0x74940000 - 0x74960000 	C:\Program Files (x86)\Java\jre7\bin\java.dll
0x74890000 - 0x748a3000 	C:\Program Files (x86)\Java\jre7\bin\zip.dll
0x6de70000 - 0x6dfb2000 	C:\Program Files (x86)\Java\jre7\bin\awt.dll
0x76520000 - 0x765af000 	C:\windows\syswow64\OLEAUT32.dll
0x74e30000 - 0x74f8c000 	C:\windows\syswow64\ole32.dll
0x74ba0000 - 0x74bb3000 	C:\windows\system32\DWMAPI.DLL
0x74980000 - 0x74a00000 	C:\windows\system32\uxtheme.dll
0x10000000 - 0x10036000 	C:\Program Files (x86)\Lenovo\Onekey Theater\ActiveDetect32.dll
0x00a60000 - 0x00a80000 	C:\Program Files (x86)\Lenovo\Onekey Theater\WindowsApiHookDll32.dll
0x72bb0000 - 0x72bb9000 	C:\windows\system32\VERSION.dll
0x6e070000 - 0x6e233000 	C:\windows\system32\d3d9.dll
0x73a60000 - 0x73a66000 	C:\windows\system32\d3d8thk.dll
0x74cc0000 - 0x74d79000 	C:\windows\system32\aticfx32.dll
0x65270000 - 0x6527b000 	C:\windows\system32\atiu9pag.dll
0x755b0000 - 0x761fa000 	C:\windows\syswow64\SHELL32.dll
0x72b80000 - 0x72b96000 	C:\windows\system32\CRYPTSP.dll
0x729a0000 - 0x729db000 	C:\windows\system32\rsaenh.dll
0x72cf0000 - 0x72d07000 	C:\windows\system32\USERENV.dll
0x72d50000 - 0x72d5b000 	C:\windows\system32\profapi.dll
0x747b0000 - 0x747c4000 	C:\Program Files (x86)\Java\jre7\bin\net.dll
0x73330000 - 0x7336c000 	C:\windows\system32\mswsock.dll
0x6dd80000 - 0x6dd86000 	C:\windows\System32\wship6.dll
0x73a50000 - 0x73a60000 	C:\windows\system32\NLAapi.dll
0x6e000000 - 0x6e010000 	C:\windows\system32\napinsp.dll
0x6de30000 - 0x6de42000 	C:\windows\system32\pnrpnsp.dll
0x6e410000 - 0x6e454000 	C:\windows\system32\DNSAPI.dll
0x6dd90000 - 0x6dd98000 	C:\windows\System32\winrnr.dll
0x6dd70000 - 0x6dd7d000 	C:\windows\system32\wshbth.dll
0x6e470000 - 0x6e497000 	C:\Program Files (x86)\Common Files\Microsoft Shared\Windows Live\WLIDNSP.DLL
0x73a70000 - 0x73a91000 	C:\Program Files (x86)\Bonjour\mdnsNSP.dll
0x72240000 - 0x7225c000 	C:\windows\system32\Iphlpapi.DLL
0x72bd0000 - 0x72bd7000 	C:\windows\system32\WINNSI.DLL
0x73320000 - 0x73325000 	C:\windows\System32\wshtcpip.dll
0x6de20000 - 0x6de26000 	C:\windows\system32\rasadhlp.dll
0x6dfc0000 - 0x6dff8000 	C:\windows\System32\fwpuclnt.dll
0x74af0000 - 0x74afe000 	C:\Program Files (x86)\Java\jre7\bin\nio.dll
0x637c0000 - 0x637ca000 	C:\Users\Danny\AppData\Local\Temp\jogamp_0000\file_cache\jln2055319578391283836\jln7763106912943906425\gluegen-rt.dll
0x74880000 - 0x74886000 	C:\Program Files (x86)\Java\jre7\bin\jawt.dll
0x6a440000 - 0x6a44a000 	C:\Users\Danny\AppData\Local\Temp\jogamp_0000\file_cache\jln2055319578391283836\jln7763106912943906425\nativewindow_awt.dll
0x6c100000 - 0x6c110000 	C:\Users\Danny\AppData\Local\Temp\jogamp_0000\file_cache\jln2055319578391283836\jln7763106912943906425\nativewindow_win32.dll
0x6e300000 - 0x6e3c8000 	C:\windows\system32\OpenGL32.dll
0x74780000 - 0x747a2000 	C:\windows\system32\GLU32.dll
0x6c1c0000 - 0x6c2a7000 	C:\windows\system32\DDRAW.dll
0x74870000 - 0x74876000 	C:\windows\system32\DCIMAN32.dll
0x76b10000 - 0x76cad000 	C:\windows\syswow64\SETUPAPI.dll
0x764f0000 - 0x76517000 	C:\windows\syswow64\CFGMGR32.dll
0x76d00000 - 0x76d12000 	C:\windows\syswow64\DEVOBJ.dll
0x64500000 - 0x6456a000 	C:\Users\Danny\AppData\Local\Temp\jogamp_0000\file_cache\jln2055319578391283836\jln7763106912943906425\jogl_desktop.dll
0x74860000 - 0x74867000 	C:\windows\system32\atiglpxx.dll
0x07d20000 - 0x08f51000 	C:\windows\system32\atioglxx.dll
0x74730000 - 0x7473b000 	C:\windows\system32\atigktxx.dll
0x04e10000 - 0x04e6b000 	C:\windows\system32\atiadlxy.dll
0x72ce0000 - 0x72ced000 	C:\windows\system32\WTSAPI32.dll
0x76a40000 - 0x76a6e000 	C:\windows\syswow64\WINTRUST.dll
0x75360000 - 0x75480000 	C:\windows\syswow64\CRYPT32.dll
0x755a0000 - 0x755ac000 	C:\windows\syswow64\MSASN1.dll
0x746f0000 - 0x74721000 	C:\Program Files (x86)\Java\jre7\bin\fontmanager.dll
0x73b30000 - 0x73b55000 	C:\Program Files (x86)\Java\jre7\bin\jpeg.dll
0x73ae0000 - 0x73b0d000 	C:\Program Files (x86)\Java\jre7\bin\kcms.dll
0x72820000 - 0x7290b000 	C:\windows\system32\dbghelp.dll

VM Arguments:
jvm_args: -Dfile.encoding=Cp1252 
java_command: flaxapps.JOGL2Nehe10World3D
Launcher Type: SUN_STANDARD

Environment Variables:
CLASSPATH=C:\Program Files (x86)\Java\jre7\lib\ext\QTJava.zip, C:\Users\Danny\Downloads\JSQL
PATH=C:/Program Files/Java/jdk1.7.0_17/bin/../jre/bin/server;C:/Program Files/Java/jdk1.7.0_17/bin/../jre/bin;C:/Program Files/Java/jdk1.7.0_17/bin/../jre/lib/amd64;C:\Program Files\Java\jre7\bin\;C:\Program Files\Java\jdk1.7.0_17\bin\;C:\Program Files\Common Files\Microsoft Shared\Windows Live;C:\Program Files (x86)\Common Files\Microsoft Shared\Windows Live;C:\Program Files (x86)\AMD APP\bin\x86_64;C:\Program Files (x86)\AMD APP\bin\x86;C:\windows\system32;C:\windows;C:\windows\System32\Wbem;C:\windows\System32\WindowsPowerShell\v1.0\;C:\Program Files (x86)\ATI Technologies\ATI.ACE\Core-Static;C:\Program Files (x86)\Windows Live\Shared;C:\Program Files (x86)\QuickTime\QTSystem\;C:\Program Files (x86)\Smart Projects\IsoBuster;C:\Program Files\TortoiseHg\;C:\texlive\2012\bin\win32;C:\Users\Danny\Documents\as;
USERNAME=Danny
OS=Windows_NT
PROCESSOR_IDENTIFIER=AMD64 Family 18 Model 1 Stepping 0, AuthenticAMD



---------------  S Y S T E M  ---------------

OS: Windows 7 , 64 bit Build 7601 Service Pack 1

CPU:total 4 (4 cores per cpu, 1 threads per core) family 18 model 1 stepping 0, cmov, cx8, fxsr, mmx, sse, sse2, sse3, popcnt, mmxext, 3dnowpref, lzcnt, sse4a, tsc, tscinvbit, tscinv

Memory: 4k page, physical 3643504k(1726744k free), swap 7285148k(4642796k free)

vm_info: Java HotSpot(TM) Client VM (23.21-b01) for windows-x86 JRE (1.7.0_21-b11), built on Apr  4 2013 04:43:10 by "java_re" with unknown MS VC++:1600

time: Sat Aug 31 12:01:15 2013
elapsed time: 9 seconds

