#
# A fatal error has been detected by the Java Runtime Environment:
#
#  EXCEPTION_ACCESS_VIOLATION (0xc0000005) at pc=0x08b6c1e3, pid=8396, tid=3700
#
# JRE version: 7.0_21-b11
# Java VM: Java HotSpot(TM) Client VM (23.21-b01 mixed mode, sharing windows-x86 )
# Problematic frame:
# C  [atioglxx.dll+0xa6c1e3]  atiPS+0x16baf3
#
# Failed to write core dump. Minidumps are not enabled by default on client versions of Windows
#
# If you would like to submit a bug report, please visit:
#   http://bugreport.sun.com/bugreport/crash.jsp
#

---------------  T H R E A D  ---------------

Current thread (0x00e21000):  VMThread [stack: 0x010d0000,0x01120000] [id=3700]

siginfo: ExceptionCode=0xc0000005, reading address 0x00000000

Registers:
EAX=0x00000000, EBX=0x09cd60e8, ECX=0x0ba0a3e8, EDX=0x090eaecc
ESP=0x0111f880, EBP=0x0111f890, ESI=0x0ba0a3e8, EDI=0x0ba0a3e8
EIP=0x08b6c1e3, EFLAGS=0x00010216

Top of Stack: (sp=0x0111f880)
0x0111f880:   00000008 0ba0a3e8 079c0000 76941136
0x0111f890:   0111f8b0 08a403c8 09528e4c 08b6a5b5
0x0111f8a0:   00000001 09cd60e8 0a02d590 09527738
0x0111f8b0:   0111f8d8 08abc7c1 09528e4c 09cc61f0
0x0111f8c0:   08214de9 0a1dd4a8 08180f22 00000000
0x0111f8d0:   09cd60e8 09c785d0 0111f8f0 0894cf65
0x0111f8e0:   0a1dd4a8 00000001 09c785d0 07900ca4
0x0111f8f0:   0111f900 0894cd6c 09c785d0 0a414168 

Instructions: (pc=0x08b6c1e3)
0x08b6c1c3:   24 89 5e 28 5e 5b c3 cc cc cc cc cc cc 55 8b ec
0x08b6c1d3:   83 ec 08 56 57 8b f9 8b 47 0c c7 07 cc ae 0e 09
0x08b6c1e3:   8b 30 3b f0 74 53 8b 15 6c 64 24 09 90 8b 4e 1c
0x08b6c1f3:   85 c9 74 0e 8b 01 8b 10 6a 01 ff d2 8b 15 6c 64 


Register to memory mapping:

EAX=
[error occurred during error reporting (printing register info), id 0xc0000005]

Stack: [0x010d0000,0x01120000],  sp=0x0111f880,  free space=318k
Native frames: (J=compiled Java code, j=interpreted, Vv=VM code, C=native code)
C  [atioglxx.dll+0xa6c1e3]  atiPS+0x16baf3
C  [atioglxx.dll+0x9403c8]  atiPS+0x3fcd8
C  [atioglxx.dll+0x9bc7c1]  atiPS+0xbc0d1
C  [atioglxx.dll+0x84cf65]  DrvPresentBuffers+0x803d35
C  [atioglxx.dll+0x84cd6c]  DrvPresentBuffers+0x803b3c
C  [atioglxx.dll+0x864fb0]  DrvPresentBuffers+0x81bd80
C  [atioglxx.dll+0x84824f]  DrvPresentBuffers+0x7ff01f
C  [atioglxx.dll+0x850ade]  DrvPresentBuffers+0x8078ae
C  [atioglxx.dll+0x19277]  DrvDeleteContext+0x127
C  [OpenGL32.dll+0x3b97c]  wglDeleteContext+0x58
C  [OpenGL32.dll+0x3a7de]  wglSwapMultipleBuffers+0x531
C  [OpenGL32.dll+0x2997d]  glTexSubImage2D+0x2572c
C  [OpenGL32.dll+0x9aeed]  wglChoosePixelFormat+0x549d2
C  [ntdll.dll+0x399a0]  RtlQueryEnvironmentVariable+0x241
C  [ntdll.dll+0x4d702]  LdrShutdownProcess+0x141
C  [ntdll.dll+0x4d5a4]  RtlExitUserProcess+0x74
C  [kernel32.dll+0x17a0d]  ExitProcess+0x15
C  [msvcr100.dll+0x27ec3]  IsExceptionObjectToBeDestroyed+0x2ac
C  [msvcr100.dll+0x27fe0]  IsExceptionObjectToBeDestroyed+0x3c9
C  [msvcr100.dll+0x28051]  exit+0x11
V  [jvm.dll+0x12a2b2]
V  [jvm.dll+0x1504fd]
V  [jvm.dll+0x14f6ce]
V  [jvm.dll+0x14fa57]
V  [jvm.dll+0x14ff22]
V  [jvm.dll+0x1802a9]
C  [msvcr100.dll+0x5c6de]  endthreadex+0x3a
C  [msvcr100.dll+0x5c788]  endthreadex+0xe4
C  [kernel32.dll+0x133aa]  BaseThreadInitThunk+0x12
C  [ntdll.dll+0x39f72]  RtlInitializeExceptionChain+0x63
C  [ntdll.dll+0x39f45]  RtlInitializeExceptionChain+0x36

VM_Operation (0x0a7deac0): Exit, mode: safepoint, requested by thread 0x07e43c00


---------------  P R O C E S S  ---------------

Java Threads: ( => current thread )
  0x00d6bc00 JavaThread "DestroyJavaVM" [_thread_blocked, id=6552, stack(0x00c10000,0x00c60000)]
  0x07f8c000 JavaThread "Timer-0" [_thread_blocked, id=10968, stack(0x0a950000,0x0a9a0000)]
  0x07e43c00 JavaThread "AWT-EventQueue-0" [_thread_blocked, id=10168, stack(0x0a790000,0x0a7e0000)]
  0x07e48000 JavaThread "AWT-Shutdown" [_thread_blocked, id=3380, stack(0x0a740000,0x0a790000)]
  0x04a3fc00 JavaThread "Java2D Disposer" daemon [_thread_blocked, id=6876, stack(0x04d70000,0x04dc0000)]
  0x00e45800 JavaThread "Service Thread" daemon [_thread_blocked, id=3384, stack(0x04930000,0x04980000)]
  0x00e3e400 JavaThread "C1 CompilerThread0" daemon [_thread_blocked, id=10196, stack(0x047d0000,0x04820000)]
  0x00e3d000 JavaThread "Attach Listener" daemon [_thread_blocked, id=7704, stack(0x01120000,0x01170000)]
  0x00e3a000 JavaThread "Signal Dispatcher" daemon [_thread_blocked, id=11108, stack(0x04720000,0x04770000)]
  0x00e24000 JavaThread "Finalizer" daemon [_thread_blocked, id=9012, stack(0x01070000,0x010c0000)]
  0x00e22800 JavaThread "Reference Handler" daemon [_thread_blocked, id=3484, stack(0x00e90000,0x00ee0000)]

Other Threads:
=>0x00e21000 VMThread [stack: 0x010d0000,0x01120000] [id=3700]

VM state:at safepoint (shutting down)

VM Mutex/Monitor currently owned by a thread:  ([mutex/lock_event])
[0x00d69718] Threads_lock - owner thread: 0x00e21000

Heap
 def new generation   total 22336K, used 104K [0x246e0000, 0x25f10000, 0x29c30000)
  eden space 19904K,   0% used [0x246e0000, 0x246f8e48, 0x25a50000)
  from space 2432K,   0% used [0x25a50000, 0x25a51460, 0x25cb0000)
  to   space 2432K,   0% used [0x25cb0000, 0x25cb0000, 0x25f10000)
 tenured generation   total 49404K, used 37856K [0x29c30000, 0x2cc6f000, 0x346e0000)
   the space 49404K,  76% used [0x29c30000, 0x2c128330, 0x2c128400, 0x2cc6f000)
 compacting perm gen  total 12288K, used 5006K [0x346e0000, 0x352e0000, 0x386e0000)
   the space 12288K,  40% used [0x346e0000, 0x34bc3a88, 0x34bc3c00, 0x352e0000)
    ro space 10240K,  42% used [0x386e0000, 0x38b222a0, 0x38b22400, 0x390e0000)
    rw space 12288K,  54% used [0x390e0000, 0x39763250, 0x39763400, 0x39ce0000)

Card table byte_map: [0x00360000,0x00410000] byte_map_base: 0x0023c900

Polling page: 0x00130000

Code Cache  [0x02660000, 0x027d0000, 0x04660000)
 total_blobs=816 nmethods=434 adapters=317 free_code_cache=31317Kb largest_free_block=32068224

Compilation events (10 events):
Event: 15.639 Thread 0x00e3e400  433             sun.util.logging.PlatformLogger$LoggerProxy::isLoggable (21 bytes)
Event: 15.639 Thread 0x00e3e400 nmethod 433 0x027c9fc8 code [0x027ca0c0, 0x027ca170]
Event: 15.661 Thread 0x00e3e400  434             java.awt.EventQueue::eventToCacheIndex (69 bytes)
Event: 15.662 Thread 0x00e3e400 nmethod 434 0x027ca1c8 code [0x027ca2c0, 0x027ca3e0]
Event: 15.780 Thread 0x00e3e400  435             java.nio.ByteBuffer::<init> (45 bytes)
Event: 15.781 Thread 0x00e3e400 nmethod 435 0x027ca448 code [0x027ca540, 0x027ca61c]
Event: 16.078 Thread 0x00e3e400  436             java.nio.MappedByteBuffer::<init> (15 bytes)
Event: 16.079 Thread 0x00e3e400 nmethod 436 0x027ca688 code [0x027ca780, 0x027ca84c]
Event: 16.079 Thread 0x00e3e400  437             java.nio.ByteBuffer::<init> (12 bytes)
Event: 16.079 Thread 0x00e3e400 nmethod 437 0x027ca8c8 code [0x027ca9c0, 0x027caa7c]

GC Heap History (10 events):
Event: 15.267 GC heap before
{Heap before GC invocations=88 (full 4):
 def new generation   total 22336K, used 20203K [0x246e0000, 0x25f10000, 0x29c30000)
  eden space 19904K, 100% used [0x246e0000, 0x25a50000, 0x25a50000)
  from space 2432K,  12% used [0x25cb0000, 0x25cfae20, 0x25f10000)
  to   space 2432K,   0% used [0x25a50000, 0x25a50000, 0x25cb0000)
 tenured generation   total 49404K, used 37856K [0x29c30000, 0x2cc6f000, 0x346e0000)
   the space 49404K,  76% used [0x29c30000, 0x2c128330, 0x2c128400, 0x2cc6f000)
 compacting perm gen  total 12288K, used 4982K [0x346e0000, 0x352e0000, 0x386e0000)
   the space 12288K,  40% used [0x346e0000, 0x34bbda20, 0x34bbdc00, 0x352e0000)
    ro space 10240K,  42% used [0x386e0000, 0x38b222a0, 0x38b22400, 0x390e0000)
    rw space 12288K,  54% used [0x390e0000, 0x39763250, 0x39763400, 0x39ce0000)
Event: 15.269 GC heap after
Heap after GC invocations=89 (full 4):
 def new generation   total 22336K, used 17K [0x246e0000, 0x25f10000, 0x29c30000)
  eden space 19904K,   0% used [0x246e0000, 0x246e0000, 0x25a50000)
  from space 2432K,   0% used [0x25a50000, 0x25a54660, 0x25cb0000)
  to   space 2432K,   0% used [0x25cb0000, 0x25cb0000, 0x25f10000)
 tenured generation   total 49404K, used 37856K [0x29c30000, 0x2cc6f000, 0x346e0000)
   the space 49404K,  76% used [0x29c30000, 0x2c128330, 0x2c128400, 0x2cc6f000)
 compacting perm gen  total 12288K, used 4982K [0x346e0000, 0x352e0000, 0x386e0000)
   the space 12288K,  40% used [0x346e0000, 0x34bbda20, 0x34bbdc00, 0x352e0000)
    ro space 10240K,  42% used [0x386e0000, 0x38b222a0, 0x38b22400, 0x390e0000)
    rw space 12288K,  54% used [0x390e0000, 0x39763250, 0x39763400, 0x39ce0000)
}
Event: 15.487 GC heap before
{Heap before GC invocations=89 (full 4):
 def new generation   total 22336K, used 19921K [0x246e0000, 0x25f10000, 0x29c30000)
  eden space 19904K, 100% used [0x246e0000, 0x25a50000, 0x25a50000)
  from space 2432K,   0% used [0x25a50000, 0x25a54660, 0x25cb0000)
  to   space 2432K,   0% used [0x25cb0000, 0x25cb0000, 0x25f10000)
 tenured generation   total 49404K, used 37856K [0x29c30000, 0x2cc6f000, 0x346e0000)
   the space 49404K,  76% used [0x29c30000, 0x2c128330, 0x2c128400, 0x2cc6f000)
 compacting perm gen  total 12288K, used 4982K [0x346e0000, 0x352e0000, 0x386e0000)
   the space 12288K,  40% used [0x346e0000, 0x34bbda20, 0x34bbdc00, 0x352e0000)
    ro space 10240K,  42% used [0x386e0000, 0x38b222a0, 0x38b22400, 0x390e0000)
    rw space 12288K,  54% used [0x390e0000, 0x39763250, 0x39763400, 0x39ce0000)
Event: 15.490 GC heap after
Heap after GC invocations=90 (full 4):
 def new generation   total 22336K, used 431K [0x246e0000, 0x25f10000, 0x29c30000)
  eden space 19904K,   0% used [0x246e0000, 0x246e0000, 0x25a50000)
  from space 2432K,  17% used [0x25cb0000, 0x25d1be58, 0x25f10000)
  to   space 2432K,   0% used [0x25a50000, 0x25a50000, 0x25cb0000)
 tenured generation   total 49404K, used 37856K [0x29c30000, 0x2cc6f000, 0x346e0000)
   the space 49404K,  76% used [0x29c30000, 0x2c128330, 0x2c128400, 0x2cc6f000)
 compacting perm gen  total 12288K, used 4982K [0x346e0000, 0x352e0000, 0x386e0000)
   the space 12288K,  40% used [0x346e0000, 0x34bbda20, 0x34bbdc00, 0x352e0000)
    ro space 10240K,  42% used [0x386e0000, 0x38b222a0, 0x38b22400, 0x390e0000)
    rw space 12288K,  54% used [0x390e0000, 0x39763250, 0x39763400, 0x39ce0000)
}
Event: 15.715 GC heap before
{Heap before GC invocations=90 (full 4):
 def new generation   total 22336K, used 20335K [0x246e0000, 0x25f10000, 0x29c30000)
  eden space 19904K, 100% used [0x246e0000, 0x25a50000, 0x25a50000)
  from space 2432K,  17% used [0x25cb0000, 0x25d1be58, 0x25f10000)
  to   space 2432K,   0% used [0x25a50000, 0x25a50000, 0x25cb0000)
 tenured generation   total 49404K, used 37856K [0x29c30000, 0x2cc6f000, 0x346e0000)
   the space 49404K,  76% used [0x29c30000, 0x2c128330, 0x2c128400, 0x2cc6f000)
 compacting perm gen  total 12288K, used 4982K [0x346e0000, 0x352e0000, 0x386e0000)
   the space 12288K,  40% used [0x346e0000, 0x34bbda30, 0x34bbdc00, 0x352e0000)
    ro space 10240K,  42% used [0x386e0000, 0x38b222a0, 0x38b22400, 0x390e0000)
    rw space 12288K,  54% used [0x390e0000, 0x39763250, 0x39763400, 0x39ce0000)
Event: 15.717 GC heap after
Heap after GC invocations=91 (full 4):
 def new generation   total 22336K, used 151K [0x246e0000, 0x25f10000, 0x29c30000)
  eden space 19904K,   0% used [0x246e0000, 0x246e0000, 0x25a50000)
  from space 2432K,   6% used [0x25a50000, 0x25a75d78, 0x25cb0000)
  to   space 2432K,   0% used [0x25cb0000, 0x25cb0000, 0x25f10000)
 tenured generation   total 49404K, used 37856K [0x29c30000, 0x2cc6f000, 0x346e0000)
   the space 49404K,  76% used [0x29c30000, 0x2c128330, 0x2c128400, 0x2cc6f000)
 compacting perm gen  total 12288K, used 4982K [0x346e0000, 0x352e0000, 0x386e0000)
   the space 12288K,  40% used [0x346e0000, 0x34bbda30, 0x34bbdc00, 0x352e0000)
    ro space 10240K,  42% used [0x386e0000, 0x38b222a0, 0x38b22400, 0x390e0000)
    rw space 12288K,  54% used [0x390e0000, 0x39763250, 0x39763400, 0x39ce0000)
}
Event: 15.934 GC heap before
{Heap before GC invocations=91 (full 4):
 def new generation   total 22336K, used 20055K [0x246e0000, 0x25f10000, 0x29c30000)
  eden space 19904K, 100% used [0x246e0000, 0x25a50000, 0x25a50000)
  from space 2432K,   6% used [0x25a50000, 0x25a75d78, 0x25cb0000)
  to   space 2432K,   0% used [0x25cb0000, 0x25cb0000, 0x25f10000)
 tenured generation   total 49404K, used 37856K [0x29c30000, 0x2cc6f000, 0x346e0000)
   the space 49404K,  76% used [0x29c30000, 0x2c128330, 0x2c128400, 0x2cc6f000)
 compacting perm gen  total 12288K, used 4982K [0x346e0000, 0x352e0000, 0x386e0000)
   the space 12288K,  40% used [0x346e0000, 0x34bbda30, 0x34bbdc00, 0x352e0000)
    ro space 10240K,  42% used [0x386e0000, 0x38b222a0, 0x38b22400, 0x390e0000)
    rw space 12288K,  54% used [0x390e0000, 0x39763250, 0x39763400, 0x39ce0000)
Event: 15.938 GC heap after
Heap after GC invocations=92 (full 4):
 def new generation   total 22336K, used 565K [0x246e0000, 0x25f10000, 0x29c30000)
  eden space 19904K,   0% used [0x246e0000, 0x246e0000, 0x25a50000)
  from space 2432K,  23% used [0x25cb0000, 0x25d3d550, 0x25f10000)
  to   space 2432K,   0% used [0x25a50000, 0x25a50000, 0x25cb0000)
 tenured generation   total 49404K, used 37856K [0x29c30000, 0x2cc6f000, 0x346e0000)
   the space 49404K,  76% used [0x29c30000, 0x2c128330, 0x2c128400, 0x2cc6f000)
 compacting perm gen  total 12288K, used 4982K [0x346e0000, 0x352e0000, 0x386e0000)
   the space 12288K,  40% used [0x346e0000, 0x34bbda30, 0x34bbdc00, 0x352e0000)
    ro space 10240K,  42% used [0x386e0000, 0x38b222a0, 0x38b22400, 0x390e0000)
    rw space 12288K,  54% used [0x390e0000, 0x39763250, 0x39763400, 0x39ce0000)
}
Event: 16.319 GC heap before
{Heap before GC invocations=92 (full 4):
 def new generation   total 22336K, used 20469K [0x246e0000, 0x25f10000, 0x29c30000)
  eden space 19904K, 100% used [0x246e0000, 0x25a50000, 0x25a50000)
  from space 2432K,  23% used [0x25cb0000, 0x25d3d550, 0x25f10000)
  to   space 2432K,   0% used [0x25a50000, 0x25a50000, 0x25cb0000)
 tenured generation   total 49404K, used 37856K [0x29c30000, 0x2cc6f000, 0x346e0000)
   the space 49404K,  76% used [0x29c30000, 0x2c128330, 0x2c128400, 0x2cc6f000)
 compacting perm gen  total 12288K, used 4989K [0x346e0000, 0x352e0000, 0x386e0000)
   the space 12288K,  40% used [0x346e0000, 0x34bbf6e0, 0x34bbf800, 0x352e0000)
    ro space 10240K,  42% used [0x386e0000, 0x38b222a0, 0x38b22400, 0x390e0000)
    rw space 12288K,  54% used [0x390e0000, 0x39763250, 0x39763400, 0x39ce0000)
Event: 16.324 GC heap after
Heap after GC invocations=93 (full 4):
 def new generation   total 22336K, used 5K [0x246e0000, 0x25f10000, 0x29c30000)
  eden space 19904K,   0% used [0x246e0000, 0x246e0000, 0x25a50000)
  from space 2432K,   0% used [0x25a50000, 0x25a51460, 0x25cb0000)
  to   space 2432K,   0% used [0x25cb0000, 0x25cb0000, 0x25f10000)
 tenured generation   total 49404K, used 37856K [0x29c30000, 0x2cc6f000, 0x346e0000)
   the space 49404K,  76% used [0x29c30000, 0x2c128330, 0x2c128400, 0x2cc6f000)
 compacting perm gen  total 12288K, used 4989K [0x346e0000, 0x352e0000, 0x386e0000)
   the space 12288K,  40% used [0x346e0000, 0x34bbf6e0, 0x34bbf800, 0x352e0000)
    ro space 10240K,  42% used [0x386e0000, 0x38b222a0, 0x38b22400, 0x390e0000)
    rw space 12288K,  54% used [0x390e0000, 0x39763250, 0x39763400, 0x39ce0000)
}

Deoptimization events (0 events):
No events

Internal exceptions (10 events):
Event: 4.299 Thread 0x07e43c00 Threw 0x249d3818 at C:\jdk7u2_32P\jdk7u21\hotspot\src\share\vm\prims\jvm.cpp:1166
Event: 4.325 Thread 0x07e43c00 Threw 0x24a7afe8 at C:\jdk7u2_32P\jdk7u21\hotspot\src\share\vm\prims\jvm.cpp:1166
Event: 4.600 Thread 0x07e43c00 Threw 0x247b6fa0 at C:\jdk7u2_32P\jdk7u21\hotspot\src\share\vm\prims\jvm.cpp:1166
Event: 7.749 Thread 0x07e43c00 Threw 0x254bbd08 at C:\jdk7u2_32P\jdk7u21\hotspot\src\share\vm\prims\jvm.cpp:1166
Event: 8.048 Thread 0x07f8c000 Threw 0x256fe488 at C:\jdk7u2_32P\jdk7u21\hotspot\src\share\vm\prims\jvm.cpp:1166
Event: 16.324 Thread 0x00e5dc00 Threw 0x246e0508 at C:\jdk7u2_32P\jdk7u21\hotspot\src\share\vm\prims\jvm.cpp:1166
Event: 16.326 Thread 0x00e5dc00 Threw 0x246e6c68 at C:\jdk7u2_32P\jdk7u21\hotspot\src\share\vm\prims\jvm.cpp:1166
Event: 16.347 Thread 0x00e5dc00 Threw 0x246ea260 at C:\jdk7u2_32P\jdk7u21\hotspot\src\share\vm\prims\jvm.cpp:1166
Event: 16.350 Thread 0x00e5dc00 Threw 0x246f12e0 at C:\jdk7u2_32P\jdk7u21\hotspot\src\share\vm\prims\jvm.cpp:1166
Event: 16.351 Thread 0x00e5dc00 Threw 0x246f50f0 at C:\jdk7u2_32P\jdk7u21\hotspot\src\share\vm\prims\jvm.cpp:1166

Events (10 events):
Event: 16.347 loading class 0x07fb14e8
Event: 16.347 loading class 0x07fb14e8 done
Event: 16.349 loading class 0x07fb1468
Event: 16.349 loading class 0x07fb1468 done
Event: 16.350 Thread 0x04a42c00 Thread exited: 0x04a42c00
Event: 16.350 loading class 0x07fd6a40
Event: 16.350 loading class 0x07fd6a40 done
Event: 16.351 Thread 0x00e5dc00 Thread exited: 0x00e5dc00
Event: 16.414 Thread 0x0801f800 Thread exited: 0x0801f800
Event: 16.415 Executing VM operation: Exit


Dynamic libraries:
0x01230000 - 0x0125f000 	C:\Program Files (x86)\Java\jre7\bin\javaw.exe
0x77380000 - 0x77500000 	C:\windows\SysWOW64\ntdll.dll
0x76930000 - 0x76a40000 	C:\windows\syswow64\kernel32.dll
0x75550000 - 0x75597000 	C:\windows\syswow64\KERNELBASE.dll
0x75170000 - 0x75210000 	C:\windows\syswow64\ADVAPI32.dll
0x75210000 - 0x752bc000 	C:\windows\syswow64\msvcrt.dll
0x765c0000 - 0x765d9000 	C:\windows\SysWOW64\sechost.dll
0x75080000 - 0x75170000 	C:\windows\syswow64\RPCRT4.dll
0x74dd0000 - 0x74e30000 	C:\windows\syswow64\SspiCli.dll
0x74dc0000 - 0x74dcc000 	C:\windows\syswow64\CRYPTBASE.dll
0x76e80000 - 0x76f80000 	C:\windows\syswow64\USER32.dll
0x76a70000 - 0x76b00000 	C:\windows\syswow64\GDI32.dll
0x76d30000 - 0x76d3a000 	C:\windows\syswow64\LPK.dll
0x752c0000 - 0x7535d000 	C:\windows\syswow64\USP10.dll
0x710a0000 - 0x7123e000 	C:\windows\WinSxS\x86_microsoft.windows.common-controls_6595b64144ccf1df_6.0.7601.17514_none_41e6975e2bd6f2b2\COMCTL32.dll
0x76e20000 - 0x76e77000 	C:\windows\syswow64\SHLWAPI.dll
0x76d50000 - 0x76db0000 	C:\windows\system32\IMM32.DLL
0x75480000 - 0x7554c000 	C:\windows\syswow64\MSCTF.dll
0x6e310000 - 0x6e3ce000 	C:\Program Files (x86)\Java\jre7\bin\msvcr100.dll
0x6bf60000 - 0x6c2af000 	C:\Program Files (x86)\Java\jre7\bin\client\jvm.dll
0x73390000 - 0x73397000 	C:\windows\system32\WSOCK32.dll
0x76db0000 - 0x76de5000 	C:\windows\syswow64\WS2_32.dll
0x76d20000 - 0x76d26000 	C:\windows\syswow64\NSI.dll
0x72b30000 - 0x72b62000 	C:\windows\system32\WINMM.dll
0x76e00000 - 0x76e05000 	C:\windows\syswow64\PSAPI.DLL
0x74af0000 - 0x74afc000 	C:\Program Files (x86)\Java\jre7\bin\verify.dll
0x74890000 - 0x748b0000 	C:\Program Files (x86)\Java\jre7\bin\java.dll
0x74940000 - 0x74953000 	C:\Program Files (x86)\Java\jre7\bin\zip.dll
0x6c4b0000 - 0x6c5f2000 	C:\Program Files (x86)\Java\jre7\bin\awt.dll
0x76520000 - 0x765af000 	C:\windows\syswow64\OLEAUT32.dll
0x74e30000 - 0x74f8c000 	C:\windows\syswow64\ole32.dll
0x74ba0000 - 0x74bb3000 	C:\windows\system32\DWMAPI.DLL
0x74980000 - 0x74a00000 	C:\windows\system32\uxtheme.dll
0x10000000 - 0x10036000 	C:\Program Files (x86)\Lenovo\Onekey Theater\ActiveDetect32.dll
0x00cb0000 - 0x00cd0000 	C:\Program Files (x86)\Lenovo\Onekey Theater\WindowsApiHookDll32.dll
0x72bb0000 - 0x72bb9000 	C:\windows\system32\VERSION.dll
0x6e070000 - 0x6e233000 	C:\windows\system32\d3d9.dll
0x73a60000 - 0x73a66000 	C:\windows\system32\d3d8thk.dll
0x74cc0000 - 0x74d79000 	C:\windows\system32\aticfx32.dll
0x65270000 - 0x6527b000 	C:\windows\system32\atiu9pag.dll
0x755b0000 - 0x761fa000 	C:\windows\syswow64\SHELL32.dll
0x72b80000 - 0x72b96000 	C:\windows\system32\CRYPTSP.dll
0x729a0000 - 0x729db000 	C:\windows\system32\rsaenh.dll
0x72cf0000 - 0x72d07000 	C:\windows\system32\USERENV.dll
0x72d50000 - 0x72d5b000 	C:\windows\system32\profapi.dll
0x74870000 - 0x74884000 	C:\Program Files (x86)\Java\jre7\bin\net.dll
0x73330000 - 0x7336c000 	C:\windows\system32\mswsock.dll
0x6dd80000 - 0x6dd86000 	C:\windows\System32\wship6.dll
0x73a50000 - 0x73a60000 	C:\windows\system32\NLAapi.dll
0x6e000000 - 0x6e010000 	C:\windows\system32\napinsp.dll
0x6de30000 - 0x6de42000 	C:\windows\system32\pnrpnsp.dll
0x6e410000 - 0x6e454000 	C:\windows\system32\DNSAPI.dll
0x6dd90000 - 0x6dd98000 	C:\windows\System32\winrnr.dll
0x6dd70000 - 0x6dd7d000 	C:\windows\system32\wshbth.dll
0x6e470000 - 0x6e497000 	C:\Program Files (x86)\Common Files\Microsoft Shared\Windows Live\WLIDNSP.DLL
0x73a70000 - 0x73a91000 	C:\Program Files (x86)\Bonjour\mdnsNSP.dll
0x72240000 - 0x7225c000 	C:\windows\system32\Iphlpapi.DLL
0x72bd0000 - 0x72bd7000 	C:\windows\system32\WINNSI.DLL
0x73320000 - 0x73325000 	C:\windows\System32\wshtcpip.dll
0x6de20000 - 0x6de26000 	C:\windows\system32\rasadhlp.dll
0x6dfc0000 - 0x6dff8000 	C:\windows\System32\fwpuclnt.dll
0x74b20000 - 0x74b2e000 	C:\Program Files (x86)\Java\jre7\bin\nio.dll
0x637c0000 - 0x637ca000 	C:\Users\Danny\AppData\Local\Temp\jogamp_0000\file_cache\jln3144186559996839631\jln301983654754309616\gluegen-rt.dll
0x74860000 - 0x74866000 	C:\Program Files (x86)\Java\jre7\bin\jawt.dll
0x6a440000 - 0x6a44a000 	C:\Users\Danny\AppData\Local\Temp\jogamp_0000\file_cache\jln3144186559996839631\jln301983654754309616\nativewindow_awt.dll
0x00ee0000 - 0x00ef0000 	C:\Users\Danny\AppData\Local\Temp\jogamp_0000\file_cache\jln3144186559996839631\jln301983654754309616\nativewindow_win32.dll
0x6def0000 - 0x6dfb8000 	C:\windows\system32\OpenGL32.dll
0x747a0000 - 0x747c2000 	C:\windows\system32\GLU32.dll
0x6c3c0000 - 0x6c4a7000 	C:\windows\system32\DDRAW.dll
0x74790000 - 0x74796000 	C:\windows\system32\DCIMAN32.dll
0x76b10000 - 0x76cad000 	C:\windows\syswow64\SETUPAPI.dll
0x764f0000 - 0x76517000 	C:\windows\syswow64\CFGMGR32.dll
0x76d00000 - 0x76d12000 	C:\windows\syswow64\DEVOBJ.dll
0x64500000 - 0x6456a000 	C:\Users\Danny\AppData\Local\Temp\jogamp_0000\file_cache\jln3144186559996839631\jln301983654754309616\jogl_desktop.dll
0x74730000 - 0x74737000 	C:\windows\system32\atiglpxx.dll
0x08100000 - 0x09331000 	C:\windows\system32\atioglxx.dll
0x74780000 - 0x7478b000 	C:\windows\system32\atigktxx.dll
0x06f60000 - 0x06fbb000 	C:\windows\system32\atiadlxy.dll
0x72ce0000 - 0x72ced000 	C:\windows\system32\WTSAPI32.dll
0x76a40000 - 0x76a6e000 	C:\windows\syswow64\WINTRUST.dll
0x75360000 - 0x75480000 	C:\windows\syswow64\CRYPT32.dll
0x755a0000 - 0x755ac000 	C:\windows\syswow64\MSASN1.dll
0x73b20000 - 0x73b51000 	C:\Program Files (x86)\Java\jre7\bin\fontmanager.dll
0x74700000 - 0x74725000 	C:\Program Files (x86)\Java\jre7\bin\jpeg.dll
0x746d0000 - 0x746fd000 	C:\Program Files (x86)\Java\jre7\bin\kcms.dll
0x72820000 - 0x7290b000 	C:\windows\system32\dbghelp.dll

VM Arguments:
jvm_args: -Dfile.encoding=Cp1252 
java_command: flaxapps.JOGL2Nehe10World3D
Launcher Type: SUN_STANDARD

Environment Variables:
CLASSPATH=C:\Program Files (x86)\Java\jre7\lib\ext\QTJava.zip, C:\Users\Danny\Downloads\JSQL
PATH=C:/Program Files/Java/jdk1.7.0_17/bin/../jre/bin/server;C:/Program Files/Java/jdk1.7.0_17/bin/../jre/bin;C:/Program Files/Java/jdk1.7.0_17/bin/../jre/lib/amd64;C:\Program Files\Java\jre7\bin\;C:\Program Files\Java\jdk1.7.0_17\bin\;C:\Program Files\Common Files\Microsoft Shared\Windows Live;C:\Program Files (x86)\Common Files\Microsoft Shared\Windows Live;C:\Program Files (x86)\AMD APP\bin\x86_64;C:\Program Files (x86)\AMD APP\bin\x86;C:\windows\system32;C:\windows;C:\windows\System32\Wbem;C:\windows\System32\WindowsPowerShell\v1.0\;C:\Program Files (x86)\ATI Technologies\ATI.ACE\Core-Static;C:\Program Files (x86)\Windows Live\Shared;C:\Program Files (x86)\QuickTime\QTSystem\;C:\Program Files (x86)\Smart Projects\IsoBuster;C:\Program Files\TortoiseHg\;C:\texlive\2012\bin\win32;C:\Users\Danny\Documents\as;
USERNAME=Danny
OS=Windows_NT
PROCESSOR_IDENTIFIER=AMD64 Family 18 Model 1 Stepping 0, AuthenticAMD



---------------  S Y S T E M  ---------------

OS: Windows 7 , 64 bit Build 7601 Service Pack 1

CPU:total 4 (4 cores per cpu, 1 threads per core) family 18 model 1 stepping 0, cmov, cx8, fxsr, mmx, sse, sse2, sse3, popcnt, mmxext, 3dnowpref, lzcnt, sse4a, tsc, tscinvbit, tscinv

Memory: 4k page, physical 3643504k(1775292k free), swap 7285148k(4671516k free)

vm_info: Java HotSpot(TM) Client VM (23.21-b01) for windows-x86 JRE (1.7.0_21-b11), built on Apr  4 2013 04:43:10 by "java_re" with unknown MS VC++:1600

time: Sat Aug 31 11:57:55 2013
elapsed time: 16 seconds

