#
# A fatal error has been detected by the Java Runtime Environment:
#
#  EXCEPTION_ACCESS_VIOLATION (0xc0000005) at pc=0x1d3ac1e3, pid=8044, tid=9748
#
# JRE version: 7.0_21-b11
# Java VM: Java HotSpot(TM) Client VM (23.21-b01 mixed mode windows-x86 )
# Problematic frame:
# C  [atioglxx.dll+0xa6c1e3]  atiPS+0x16baf3
#
# Failed to write core dump. Minidumps are not enabled by default on client versions of Windows
#
# If you would like to submit a bug report, please visit:
#   http://bugreport.sun.com/bugreport/crash.jsp
#

---------------  T H R E A D  ---------------

Current thread (0x00e76400):  VMThread [stack: 0x18740000,0x18790000] [id=9748]

siginfo: ExceptionCode=0xc0000005, reading address 0x00000000

Registers:
EAX=0x00000000, EBX=0x1e409e48, ECX=0x1f4318a8, EDX=0x1d92aecc
ESP=0x1878f720, EBP=0x1878f730, ESI=0x1f4318a8, EDI=0x1f4318a8
EIP=0x1d3ac1e3, EFLAGS=0x00010216

Top of Stack: (sp=0x1878f720)
0x1878f720:   00000008 1f4318a8 1bb10000 76941136
0x1878f730:   1878f750 1d2803c8 1dd6ae5c 1d3aa5b5
0x1878f740:   00000001 1e409e48 1e867bd0 1dd69748
0x1878f750:   1878f778 1d2fc7c1 1dd6ae5c 1e3dbf30
0x1878f760:   1ca54de9 1ea63a10 1c9c0f22 00000000
0x1878f770:   1e409e48 1e4c0ab0 1878f790 1d18cf65
0x1878f780:   1ea63a10 00000001 1e4c0ab0 1b9c09fc
0x1878f790:   1878f7a0 1d18cd6c 1e4c0ab0 1eddb4c8 

Instructions: (pc=0x1d3ac1e3)
0x1d3ac1c3:   24 89 5e 28 5e 5b c3 cc cc cc cc cc cc 55 8b ec
0x1d3ac1d3:   83 ec 08 56 57 8b f9 8b 47 0c c7 07 cc ae 92 1d
0x1d3ac1e3:   8b 30 3b f0 74 53 8b 15 6c 64 a8 1d 90 8b 4e 1c
0x1d3ac1f3:   85 c9 74 0e 8b 01 8b 10 6a 01 ff d2 8b 15 6c 64 


Register to memory mapping:

EAX=
[error occurred during error reporting (printing register info), id 0xc0000005]

Stack: [0x18740000,0x18790000],  sp=0x1878f720,  free space=317k
Native frames: (J=compiled Java code, j=interpreted, Vv=VM code, C=native code)
C  [atioglxx.dll+0xa6c1e3]  atiPS+0x16baf3
C  [atioglxx.dll+0x9403c8]  atiPS+0x3fcd8
C  [atioglxx.dll+0x9bc7c1]  atiPS+0xbc0d1
C  [atioglxx.dll+0x84cf65]  DrvPresentBuffers+0x803d35
C  [atioglxx.dll+0x84cd6c]  DrvPresentBuffers+0x803b3c
C  [atioglxx.dll+0x864fb0]  DrvPresentBuffers+0x81bd80
C  [atioglxx.dll+0x84824f]  DrvPresentBuffers+0x7ff01f
C  [atioglxx.dll+0x850ade]  DrvPresentBuffers+0x8078ae
C  [atioglxx.dll+0x19277]  DrvDeleteContext+0x127
C  [OpenGL32.dll+0x3b97c]  wglDeleteContext+0x58
C  [OpenGL32.dll+0x3a7de]  wglSwapMultipleBuffers+0x531
C  [OpenGL32.dll+0x2997d]  glTexSubImage2D+0x2572c
C  [OpenGL32.dll+0x9aeed]  wglChoosePixelFormat+0x549d2
C  [ntdll.dll+0x399a0]  RtlQueryEnvironmentVariable+0x241
C  [ntdll.dll+0x4d702]  LdrShutdownProcess+0x141
C  [ntdll.dll+0x4d5a4]  RtlExitUserProcess+0x74
C  [kernel32.dll+0x17a0d]  ExitProcess+0x15
C  [msvcr100.dll+0x27ec3]  IsExceptionObjectToBeDestroyed+0x2ac
C  [msvcr100.dll+0x27fe0]  IsExceptionObjectToBeDestroyed+0x3c9
C  [msvcr100.dll+0x28051]  exit+0x11
V  [jvm.dll+0x12a2b2]
V  [jvm.dll+0x1504fd]
V  [jvm.dll+0x14f6ce]
V  [jvm.dll+0x14fa57]
V  [jvm.dll+0x14ff22]
V  [jvm.dll+0x1802a9]
C  [msvcr100.dll+0x5c6de]  endthreadex+0x3a
C  [msvcr100.dll+0x5c788]  endthreadex+0xe4
C  [kernel32.dll+0x133aa]  BaseThreadInitThunk+0x12
C  [ntdll.dll+0x39f72]  RtlInitializeExceptionChain+0x63
C  [ntdll.dll+0x39f45]  RtlInitializeExceptionChain+0x36

VM_Operation (0x1bdde6e0): Exit, mode: safepoint, requested by thread 0x1c172800


---------------  P R O C E S S  ---------------

Java Threads: ( => current thread )
  0x00c0c000 JavaThread "DestroyJavaVM" [_thread_blocked, id=11596, stack(0x00ba0000,0x00bf0000)]
  0x1c189800 JavaThread "Timer-0" [_thread_blocked, id=6824, stack(0x20510000,0x20560000)]
  0x1c172800 JavaThread "AWT-EventQueue-0" [_thread_blocked, id=10452, stack(0x1bd90000,0x1bde0000)]
  0x1b755000 JavaThread "AWT-Shutdown" [_thread_blocked, id=12880, stack(0x1bfa0000,0x1bff0000)]
  0x01000800 JavaThread "Java2D Disposer" daemon [_thread_blocked, id=3096, stack(0x19710000,0x19760000)]
  0x00efec00 JavaThread "Service Thread" daemon [_thread_blocked, id=11844, stack(0x19460000,0x194b0000)]
  0x00ef9c00 JavaThread "C1 CompilerThread0" daemon [_thread_blocked, id=7392, stack(0x19400000,0x19450000)]
  0x00eec400 JavaThread "JDWP Command Reader" daemon [_thread_blocked, id=7768, stack(0x011d0000,0x01220000)]
  0x00eea000 JavaThread "JDWP Event Helper Thread" daemon [_thread_blocked, id=7204, stack(0x192b0000,0x19300000)]
  0x00edfc00 JavaThread "JDWP Transport Listener: dt_socket" daemon [_thread_blocked, id=10608, stack(0x18a10000,0x18a60000)]
  0x00ed8400 JavaThread "Attach Listener" daemon [_thread_blocked, id=4480, stack(0x18a60000,0x18ab0000)]
  0x00ed5000 JavaThread "Signal Dispatcher" daemon [_thread_blocked, id=7588, stack(0x18860000,0x188b0000)]
  0x00e7f800 JavaThread "Finalizer" daemon [_thread_blocked, id=3064, stack(0x188f0000,0x18940000)]
  0x00e7a000 JavaThread "Reference Handler" daemon [_thread_blocked, id=12300, stack(0x186a0000,0x186f0000)]

Other Threads:
=>0x00e76400 VMThread [stack: 0x18740000,0x18790000] [id=9748]

VM state:at safepoint (shutting down)

VM Mutex/Monitor currently owned by a thread:  ([mutex/lock_event])
[0x00c09b20] Threads_lock - owner thread: 0x00e76400

Heap
 def new generation   total 14592K, used 524K [0x04660000, 0x05630000, 0x09bb0000)
  eden space 12992K,   4% used [0x04660000, 0x046e2a00, 0x05310000)
  from space 1600K,   0% used [0x054a0000, 0x054a0870, 0x05630000)
  to   space 1600K,   0% used [0x05310000, 0x05310000, 0x054a0000)
 tenured generation   total 32248K, used 23474K [0x09bb0000, 0x0bb2e000, 0x14660000)
   the space 32248K,  72% used [0x09bb0000, 0x0b29c8c8, 0x0b29ca00, 0x0bb2e000)
 compacting perm gen  total 12288K, used 10044K [0x14660000, 0x15260000, 0x18660000)
   the space 12288K,  81% used [0x14660000, 0x1502f3b8, 0x1502f400, 0x15260000)
No shared spaces configured.

Card table byte_map: [0x00d60000,0x00e10000] byte_map_base: 0x00d3cd00

Polling page: 0x00130000

Code Cache  [0x02660000, 0x027e0000, 0x04660000)
 total_blobs=795 nmethods=423 adapters=315 free_code_cache=31237Kb largest_free_block=31986176

Compilation events (10 events):
Event: 13.698 Thread 0x00ef9c00  423             java.awt.GraphicsEnvironment::isHeadless (4 bytes)
Event: 13.698 Thread 0x00ef9c00 nmethod 423 0x027de048 code [0x027de150, 0x027de22c]
Event: 13.698 Thread 0x00ef9c00  424             java.awt.GraphicsEnvironment::getHeadlessProperty (24 bytes)
Event: 13.698 Thread 0x00ef9c00 nmethod 424 0x027de308 code [0x027de410, 0x027de4ec]
Event: 13.721 Thread 0x00ef9c00  425             java.nio.DirectByteBuffer::getInt (15 bytes)
Event: 13.721 Thread 0x00ef9c00 nmethod 425 0x027de588 code [0x027de6a0, 0x027de7e8]
Event: 13.721 Thread 0x00ef9c00  426             java.nio.DirectByteBuffer::getInt (39 bytes)
Event: 13.722 Thread 0x00ef9c00 nmethod 426 0x027de948 code [0x027dea40, 0x027deb00]
Event: 13.767 Thread 0x00ef9c00  427             java.awt.EventQueue::noEvents (29 bytes)
Event: 13.767 Thread 0x00ef9c00 nmethod 427 0x027deb48 code [0x027dec50, 0x027ded30]

GC Heap History (10 events):
Event: 13.221 GC heap before
{Heap before GC invocations=85 (full 3):
 def new generation   total 14592K, used 13570K [0x04660000, 0x05630000, 0x09bb0000)
  eden space 12992K, 100% used [0x04660000, 0x05310000, 0x05310000)
  from space 1600K,  36% used [0x05310000, 0x053a09c8, 0x054a0000)
  to   space 1600K,   0% used [0x054a0000, 0x054a0000, 0x05630000)
 tenured generation   total 32248K, used 23474K [0x09bb0000, 0x0bb2e000, 0x14660000)
   the space 32248K,  72% used [0x09bb0000, 0x0b29c8c8, 0x0b29ca00, 0x0bb2e000)
 compacting perm gen  total 12288K, used 10020K [0x14660000, 0x15260000, 0x18660000)
   the space 12288K,  81% used [0x14660000, 0x150291f0, 0x15029200, 0x15260000)
No shared spaces configured.
Event: 13.223 GC heap after
Heap after GC invocations=86 (full 3):
 def new generation   total 14592K, used 67K [0x04660000, 0x05630000, 0x09bb0000)
  eden space 12992K,   0% used [0x04660000, 0x04660000, 0x05310000)
  from space 1600K,   4% used [0x054a0000, 0x054b0c98, 0x05630000)
  to   space 1600K,   0% used [0x05310000, 0x05310000, 0x054a0000)
 tenured generation   total 32248K, used 23474K [0x09bb0000, 0x0bb2e000, 0x14660000)
   the space 32248K,  72% used [0x09bb0000, 0x0b29c8c8, 0x0b29ca00, 0x0bb2e000)
 compacting perm gen  total 12288K, used 10020K [0x14660000, 0x15260000, 0x18660000)
   the space 12288K,  81% used [0x14660000, 0x150291f0, 0x15029200, 0x15260000)
No shared spaces configured.
}
Event: 13.369 GC heap before
{Heap before GC invocations=86 (full 3):
 def new generation   total 14592K, used 13059K [0x04660000, 0x05630000, 0x09bb0000)
  eden space 12992K, 100% used [0x04660000, 0x05310000, 0x05310000)
  from space 1600K,   4% used [0x054a0000, 0x054b0c98, 0x05630000)
  to   space 1600K,   0% used [0x05310000, 0x05310000, 0x054a0000)
 tenured generation   total 32248K, used 23474K [0x09bb0000, 0x0bb2e000, 0x14660000)
   the space 32248K,  72% used [0x09bb0000, 0x0b29c8c8, 0x0b29ca00, 0x0bb2e000)
 compacting perm gen  total 12288K, used 10020K [0x14660000, 0x15260000, 0x18660000)
   the space 12288K,  81% used [0x14660000, 0x150291f0, 0x15029200, 0x15260000)
No shared spaces configured.
Event: 13.372 GC heap after
Heap after GC invocations=87 (full 3):
 def new generation   total 14592K, used 248K [0x04660000, 0x05630000, 0x09bb0000)
  eden space 12992K,   0% used [0x04660000, 0x04660000, 0x05310000)
  from space 1600K,  15% used [0x05310000, 0x0534e0e8, 0x054a0000)
  to   space 1600K,   0% used [0x054a0000, 0x054a0000, 0x05630000)
 tenured generation   total 32248K, used 23474K [0x09bb0000, 0x0bb2e000, 0x14660000)
   the space 32248K,  72% used [0x09bb0000, 0x0b29c8c8, 0x0b29ca00, 0x0bb2e000)
 compacting perm gen  total 12288K, used 10020K [0x14660000, 0x15260000, 0x18660000)
   the space 12288K,  81% used [0x14660000, 0x150291f0, 0x15029200, 0x15260000)
No shared spaces configured.
}
Event: 13.517 GC heap before
{Heap before GC invocations=87 (full 3):
 def new generation   total 14592K, used 13240K [0x04660000, 0x05630000, 0x09bb0000)
  eden space 12992K, 100% used [0x04660000, 0x05310000, 0x05310000)
  from space 1600K,  15% used [0x05310000, 0x0534e0e8, 0x054a0000)
  to   space 1600K,   0% used [0x054a0000, 0x054a0000, 0x05630000)
 tenured generation   total 32248K, used 23474K [0x09bb0000, 0x0bb2e000, 0x14660000)
   the space 32248K,  72% used [0x09bb0000, 0x0b29c8c8, 0x0b29ca00, 0x0bb2e000)
 compacting perm gen  total 12288K, used 10020K [0x14660000, 0x15260000, 0x18660000)
   the space 12288K,  81% used [0x14660000, 0x150291f0, 0x15029200, 0x15260000)
No shared spaces configured.
Event: 13.520 GC heap after
Heap after GC invocations=88 (full 3):
 def new generation   total 14592K, used 428K [0x04660000, 0x05630000, 0x09bb0000)
  eden space 12992K,   0% used [0x04660000, 0x04660000, 0x05310000)
  from space 1600K,  26% used [0x054a0000, 0x0550b3f8, 0x05630000)
  to   space 1600K,   0% used [0x05310000, 0x05310000, 0x054a0000)
 tenured generation   total 32248K, used 23474K [0x09bb0000, 0x0bb2e000, 0x14660000)
   the space 32248K,  72% used [0x09bb0000, 0x0b29c8c8, 0x0b29ca00, 0x0bb2e000)
 compacting perm gen  total 12288K, used 10020K [0x14660000, 0x15260000, 0x18660000)
   the space 12288K,  81% used [0x14660000, 0x150291f0, 0x15029200, 0x15260000)
No shared spaces configured.
}
Event: 13.666 GC heap before
{Heap before GC invocations=88 (full 3):
 def new generation   total 14592K, used 13420K [0x04660000, 0x05630000, 0x09bb0000)
  eden space 12992K, 100% used [0x04660000, 0x05310000, 0x05310000)
  from space 1600K,  26% used [0x054a0000, 0x0550b3f8, 0x05630000)
  to   space 1600K,   0% used [0x05310000, 0x05310000, 0x054a0000)
 tenured generation   total 32248K, used 23474K [0x09bb0000, 0x0bb2e000, 0x14660000)
   the space 32248K,  72% used [0x09bb0000, 0x0b29c8c8, 0x0b29ca00, 0x0bb2e000)
 compacting perm gen  total 12288K, used 10020K [0x14660000, 0x15260000, 0x18660000)
   the space 12288K,  81% used [0x14660000, 0x150291f0, 0x15029200, 0x15260000)
No shared spaces configured.
Event: 13.670 GC heap after
Heap after GC invocations=89 (full 3):
 def new generation   total 14592K, used 578K [0x04660000, 0x05630000, 0x09bb0000)
  eden space 12992K,   0% used [0x04660000, 0x04660000, 0x05310000)
  from space 1600K,  36% used [0x05310000, 0x053a0838, 0x054a0000)
  to   space 1600K,   0% used [0x054a0000, 0x054a0000, 0x05630000)
 tenured generation   total 32248K, used 23474K [0x09bb0000, 0x0bb2e000, 0x14660000)
   the space 32248K,  72% used [0x09bb0000, 0x0b29c8c8, 0x0b29ca00, 0x0bb2e000)
 compacting perm gen  total 12288K, used 10020K [0x14660000, 0x15260000, 0x18660000)
   the space 12288K,  81% used [0x14660000, 0x150291f0, 0x15029200, 0x15260000)
No shared spaces configured.
}
Event: 13.819 GC heap before
{Heap before GC invocations=89 (full 3):
 def new generation   total 14592K, used 13570K [0x04660000, 0x05630000, 0x09bb0000)
  eden space 12992K, 100% used [0x04660000, 0x05310000, 0x05310000)
  from space 1600K,  36% used [0x05310000, 0x053a0838, 0x054a0000)
  to   space 1600K,   0% used [0x054a0000, 0x054a0000, 0x05630000)
 tenured generation   total 32248K, used 23474K [0x09bb0000, 0x0bb2e000, 0x14660000)
   the space 32248K,  72% used [0x09bb0000, 0x0b29c8c8, 0x0b29ca00, 0x0bb2e000)
 compacting perm gen  total 12288K, used 10020K [0x14660000, 0x15260000, 0x18660000)
   the space 12288K,  81% used [0x14660000, 0x150291f0, 0x15029200, 0x15260000)
No shared spaces configured.
Event: 13.823 GC heap after
Heap after GC invocations=90 (full 3):
 def new generation   total 14592K, used 2K [0x04660000, 0x05630000, 0x09bb0000)
  eden space 12992K,   0% used [0x04660000, 0x04660000, 0x05310000)
  from space 1600K,   0% used [0x054a0000, 0x054a0870, 0x05630000)
  to   space 1600K,   0% used [0x05310000, 0x05310000, 0x054a0000)
 tenured generation   total 32248K, used 23474K [0x09bb0000, 0x0bb2e000, 0x14660000)
   the space 32248K,  72% used [0x09bb0000, 0x0b29c8c8, 0x0b29ca00, 0x0bb2e000)
 compacting perm gen  total 12288K, used 10020K [0x14660000, 0x15260000, 0x18660000)
   the space 12288K,  81% used [0x14660000, 0x150291f0, 0x15029200, 0x15260000)
No shared spaces configured.
}

Deoptimization events (0 events):
No events

Internal exceptions (10 events):
Event: 4.583 Thread 0x1c172800 Threw 0x049674c0 at C:\jdk7u2_32P\jdk7u21\hotspot\src\share\vm\prims\jvm.cpp:1166
Event: 4.611 Thread 0x1c172800 Threw 0x04a0ea80 at C:\jdk7u2_32P\jdk7u21\hotspot\src\share\vm\prims\jvm.cpp:1166
Event: 4.910 Thread 0x1c172800 Threw 0x0474f2f0 at C:\jdk7u2_32P\jdk7u21\hotspot\src\share\vm\prims\jvm.cpp:1166
Event: 6.503 Thread 0x1c172800 Threw 0x051098f0 at C:\jdk7u2_32P\jdk7u21\hotspot\src\share\vm\prims\jvm.cpp:1166
Event: 6.812 Thread 0x1c189800 Threw 0x04705bd0 at C:\jdk7u2_32P\jdk7u21\hotspot\src\share\vm\prims\jvm.cpp:1166
Event: 13.828 Thread 0x00f13c00 Threw 0x046b79d0 at C:\jdk7u2_32P\jdk7u21\hotspot\src\share\vm\prims\jvm.cpp:1166
Event: 13.830 Thread 0x00f13c00 Threw 0x046be130 at C:\jdk7u2_32P\jdk7u21\hotspot\src\share\vm\prims\jvm.cpp:1166
Event: 13.832 Thread 0x00f13c00 Threw 0x046c1728 at C:\jdk7u2_32P\jdk7u21\hotspot\src\share\vm\prims\jvm.cpp:1166
Event: 13.835 Thread 0x00f13c00 Threw 0x046c87a8 at C:\jdk7u2_32P\jdk7u21\hotspot\src\share\vm\prims\jvm.cpp:1166
Event: 13.836 Thread 0x00f13c00 Threw 0x046cc5b8 at C:\jdk7u2_32P\jdk7u21\hotspot\src\share\vm\prims\jvm.cpp:1166

Events (10 events):
Event: 13.832 loading class 0x1c1c9fe0
Event: 13.832 loading class 0x1c1c9fe0 done
Event: 13.835 loading class 0x1c1c9f60
Event: 13.835 loading class 0x1c1c9f60 done
Event: 13.836 loading class 0x1c199848
Event: 13.836 loading class 0x1c199848 done
Event: 13.839 Thread 0x00f13c00 Thread exited: 0x00f13c00
Event: 13.848 Thread 0x00fd5800 Thread exited: 0x00fd5800
Event: 13.923 Thread 0x1b62f800 Thread exited: 0x1b62f800
Event: 13.924 Executing VM operation: Exit


Dynamic libraries:
0x01230000 - 0x0125f000 	C:\Program Files (x86)\Java\jre7\bin\javaw.exe
0x77380000 - 0x77500000 	C:\windows\SysWOW64\ntdll.dll
0x76930000 - 0x76a40000 	C:\windows\syswow64\kernel32.dll
0x75550000 - 0x75597000 	C:\windows\syswow64\KERNELBASE.dll
0x75170000 - 0x75210000 	C:\windows\syswow64\ADVAPI32.dll
0x75210000 - 0x752bc000 	C:\windows\syswow64\msvcrt.dll
0x765c0000 - 0x765d9000 	C:\windows\SysWOW64\sechost.dll
0x75080000 - 0x75170000 	C:\windows\syswow64\RPCRT4.dll
0x74dd0000 - 0x74e30000 	C:\windows\syswow64\SspiCli.dll
0x74dc0000 - 0x74dcc000 	C:\windows\syswow64\CRYPTBASE.dll
0x76e80000 - 0x76f80000 	C:\windows\syswow64\USER32.dll
0x76a70000 - 0x76b00000 	C:\windows\syswow64\GDI32.dll
0x76d30000 - 0x76d3a000 	C:\windows\syswow64\LPK.dll
0x752c0000 - 0x7535d000 	C:\windows\syswow64\USP10.dll
0x710a0000 - 0x7123e000 	C:\windows\WinSxS\x86_microsoft.windows.common-controls_6595b64144ccf1df_6.0.7601.17514_none_41e6975e2bd6f2b2\COMCTL32.dll
0x76e20000 - 0x76e77000 	C:\windows\syswow64\SHLWAPI.dll
0x76d50000 - 0x76db0000 	C:\windows\system32\IMM32.DLL
0x75480000 - 0x7554c000 	C:\windows\syswow64\MSCTF.dll
0x6e860000 - 0x6e91e000 	C:\Program Files (x86)\Java\jre7\bin\msvcr100.dll
0x6c2b0000 - 0x6c5ff000 	C:\Program Files (x86)\Java\jre7\bin\client\jvm.dll
0x73390000 - 0x73397000 	C:\windows\system32\WSOCK32.dll
0x76db0000 - 0x76de5000 	C:\windows\syswow64\WS2_32.dll
0x76d20000 - 0x76d26000 	C:\windows\syswow64\NSI.dll
0x72b30000 - 0x72b62000 	C:\windows\system32\WINMM.dll
0x76e00000 - 0x76e05000 	C:\windows\syswow64\PSAPI.DLL
0x74b20000 - 0x74b2c000 	C:\Program Files (x86)\Java\jre7\bin\verify.dll
0x74940000 - 0x74960000 	C:\Program Files (x86)\Java\jre7\bin\java.dll
0x74880000 - 0x748aa000 	C:\Program Files (x86)\Java\jre7\bin\jdwp.dll
0x74af0000 - 0x74af7000 	C:\Program Files (x86)\Java\jre7\bin\npt.dll
0x74860000 - 0x74873000 	C:\Program Files (x86)\Java\jre7\bin\zip.dll
0x74800000 - 0x74808000 	C:\Program Files (x86)\Java\jre7\bin\dt_socket.dll
0x73a50000 - 0x73a60000 	C:\windows\system32\NLAapi.dll
0x6e000000 - 0x6e010000 	C:\windows\system32\napinsp.dll
0x6de30000 - 0x6de42000 	C:\windows\system32\pnrpnsp.dll
0x73330000 - 0x7336c000 	C:\windows\System32\mswsock.dll
0x6e410000 - 0x6e454000 	C:\windows\system32\DNSAPI.dll
0x6dd90000 - 0x6dd98000 	C:\windows\System32\winrnr.dll
0x6dd70000 - 0x6dd7d000 	C:\windows\system32\wshbth.dll
0x6e470000 - 0x6e497000 	C:\Program Files (x86)\Common Files\Microsoft Shared\Windows Live\WLIDNSP.DLL
0x73a70000 - 0x73a91000 	C:\Program Files (x86)\Bonjour\mdnsNSP.dll
0x72240000 - 0x7225c000 	C:\windows\system32\Iphlpapi.DLL
0x72bd0000 - 0x72bd7000 	C:\windows\system32\WINNSI.DLL
0x6dfc0000 - 0x6dff8000 	C:\windows\System32\fwpuclnt.dll
0x6de20000 - 0x6de26000 	C:\windows\system32\rasadhlp.dll
0x73320000 - 0x73325000 	C:\windows\System32\wshtcpip.dll
0x6de70000 - 0x6dfb2000 	C:\Program Files (x86)\Java\jre7\bin\awt.dll
0x76520000 - 0x765af000 	C:\windows\syswow64\OLEAUT32.dll
0x74e30000 - 0x74f8c000 	C:\windows\syswow64\ole32.dll
0x74ba0000 - 0x74bb3000 	C:\windows\system32\DWMAPI.DLL
0x74980000 - 0x74a00000 	C:\windows\system32\uxtheme.dll
0x01140000 - 0x01176000 	C:\Program Files (x86)\Lenovo\Onekey Theater\ActiveDetect32.dll
0x005d0000 - 0x005f0000 	C:\Program Files (x86)\Lenovo\Onekey Theater\WindowsApiHookDll32.dll
0x72bb0000 - 0x72bb9000 	C:\windows\system32\VERSION.dll
0x6e070000 - 0x6e233000 	C:\windows\system32\d3d9.dll
0x73a60000 - 0x73a66000 	C:\windows\system32\d3d8thk.dll
0x74cc0000 - 0x74d79000 	C:\windows\system32\aticfx32.dll
0x65270000 - 0x6527b000 	C:\windows\system32\atiu9pag.dll
0x755b0000 - 0x761fa000 	C:\windows\syswow64\SHELL32.dll
0x72b80000 - 0x72b96000 	C:\windows\system32\CRYPTSP.dll
0x729a0000 - 0x729db000 	C:\windows\system32\rsaenh.dll
0x72cf0000 - 0x72d07000 	C:\windows\system32\USERENV.dll
0x72d50000 - 0x72d5b000 	C:\windows\system32\profapi.dll
0x747e0000 - 0x747f4000 	C:\Program Files (x86)\Java\jre7\bin\net.dll
0x6dd80000 - 0x6dd86000 	C:\windows\System32\wship6.dll
0x74810000 - 0x7481e000 	C:\Program Files (x86)\Java\jre7\bin\nio.dll
0x637c0000 - 0x637ca000 	C:\Users\Danny\AppData\Local\Temp\jogamp_0000\file_cache\jln305639851025181560\jln3027910886611157754\gluegen-rt.dll
0x747c0000 - 0x747c6000 	C:\Program Files (x86)\Java\jre7\bin\jawt.dll
0x6a440000 - 0x6a44a000 	C:\Users\Danny\AppData\Local\Temp\jogamp_0000\file_cache\jln305639851025181560\jln3027910886611157754\nativewindow_awt.dll
0x6c100000 - 0x6c110000 	C:\Users\Danny\AppData\Local\Temp\jogamp_0000\file_cache\jln305639851025181560\jln3027910886611157754\nativewindow_win32.dll
0x6e300000 - 0x6e3c8000 	C:\windows\system32\OpenGL32.dll
0x74790000 - 0x747b2000 	C:\windows\system32\GLU32.dll
0x6c1c0000 - 0x6c2a7000 	C:\windows\system32\DDRAW.dll
0x747d0000 - 0x747d6000 	C:\windows\system32\DCIMAN32.dll
0x76b10000 - 0x76cad000 	C:\windows\syswow64\SETUPAPI.dll
0x764f0000 - 0x76517000 	C:\windows\syswow64\CFGMGR32.dll
0x76d00000 - 0x76d12000 	C:\windows\syswow64\DEVOBJ.dll
0x64500000 - 0x6456a000 	C:\Users\Danny\AppData\Local\Temp\jogamp_0000\file_cache\jln305639851025181560\jln3027910886611157754\jogl_desktop.dll
0x74780000 - 0x74787000 	C:\windows\system32\atiglpxx.dll
0x1c940000 - 0x1db71000 	C:\windows\system32\atioglxx.dll
0x74730000 - 0x7473b000 	C:\windows\system32\atigktxx.dll
0x1ba80000 - 0x1badb000 	C:\windows\system32\atiadlxy.dll
0x72ce0000 - 0x72ced000 	C:\windows\system32\WTSAPI32.dll
0x76a40000 - 0x76a6e000 	C:\windows\syswow64\WINTRUST.dll
0x75360000 - 0x75480000 	C:\windows\syswow64\CRYPT32.dll
0x755a0000 - 0x755ac000 	C:\windows\syswow64\MSASN1.dll
0x746f0000 - 0x74721000 	C:\Program Files (x86)\Java\jre7\bin\fontmanager.dll
0x73b30000 - 0x73b55000 	C:\Program Files (x86)\Java\jre7\bin\jpeg.dll
0x73ae0000 - 0x73b0d000 	C:\Program Files (x86)\Java\jre7\bin\kcms.dll
0x72820000 - 0x7290b000 	C:\windows\system32\dbghelp.dll

VM Arguments:
jvm_args: -agentlib:jdwp=transport=dt_socket,suspend=y,address=localhost:52906 -Dfile.encoding=Cp1252 
java_command: flaxapps.JOGL2Nehe10World3D
Launcher Type: SUN_STANDARD

Environment Variables:
CLASSPATH=C:\Program Files (x86)\Java\jre7\lib\ext\QTJava.zip, C:\Users\Danny\Downloads\JSQL
PATH=C:/Program Files/Java/jdk1.7.0_17/bin/../jre/bin/server;C:/Program Files/Java/jdk1.7.0_17/bin/../jre/bin;C:/Program Files/Java/jdk1.7.0_17/bin/../jre/lib/amd64;C:\Program Files\Java\jre7\bin\;C:\Program Files\Java\jdk1.7.0_17\bin\;C:\Program Files\Common Files\Microsoft Shared\Windows Live;C:\Program Files (x86)\Common Files\Microsoft Shared\Windows Live;C:\Program Files (x86)\AMD APP\bin\x86_64;C:\Program Files (x86)\AMD APP\bin\x86;C:\windows\system32;C:\windows;C:\windows\System32\Wbem;C:\windows\System32\WindowsPowerShell\v1.0\;C:\Program Files (x86)\ATI Technologies\ATI.ACE\Core-Static;C:\Program Files (x86)\Windows Live\Shared;C:\Program Files (x86)\QuickTime\QTSystem\;C:\Program Files (x86)\Smart Projects\IsoBuster;C:\Program Files\TortoiseHg\;C:\texlive\2012\bin\win32;C:\Users\Danny\Documents\as;
USERNAME=Danny
OS=Windows_NT
PROCESSOR_IDENTIFIER=AMD64 Family 18 Model 1 Stepping 0, AuthenticAMD



---------------  S Y S T E M  ---------------

OS: Windows 7 , 64 bit Build 7601 Service Pack 1

CPU:total 4 (4 cores per cpu, 1 threads per core) family 18 model 1 stepping 0, cmov, cx8, fxsr, mmx, sse, sse2, sse3, popcnt, mmxext, 3dnowpref, lzcnt, sse4a, tsc, tscinvbit, tscinv

Memory: 4k page, physical 3643504k(1806856k free), swap 7285148k(4739308k free)

vm_info: Java HotSpot(TM) Client VM (23.21-b01) for windows-x86 JRE (1.7.0_21-b11), built on Apr  4 2013 04:43:10 by "java_re" with unknown MS VC++:1600

time: Sat Aug 31 11:56:09 2013
elapsed time: 14 seconds

