#
# A fatal error has been detected by the Java Runtime Environment:
#
#  EXCEPTION_ACCESS_VIOLATION (0xc0000005) at pc=0x1cbdc1e3, pid=6136, tid=3504
#
# JRE version: 7.0_21-b11
# Java VM: Java HotSpot(TM) Client VM (23.21-b01 mixed mode windows-x86 )
# Problematic frame:
# C  [atioglxx.dll+0xa6c1e3]  atiPS+0x16baf3
#
# Failed to write core dump. Minidumps are not enabled by default on client versions of Windows
#
# If you would like to submit a bug report, please visit:
#   http://bugreport.sun.com/bugreport/crash.jsp
#

---------------  T H R E A D  ---------------

Current thread (0x00e86400):  VMThread [stack: 0x18630000,0x18680000] [id=3504]

siginfo: ExceptionCode=0xc0000005, reading address 0x00000000

Registers:
EAX=0x00000000, EBX=0x1df59e48, ECX=0x1fa31840, EDX=0x1d15aecc
ESP=0x1867f340, EBP=0x1867f350, ESI=0x1fa31840, EDI=0x1fa31840
EIP=0x1cbdc1e3, EFLAGS=0x00010216

Top of Stack: (sp=0x1867f340)
0x1867f340:   00000008 1fa31840 1d590000 76941136
0x1867f350:   1867f370 1cab03c8 1d83ae5c 1cbda5b5
0x1867f360:   00000001 1df59e48 1e3b7bd0 1d839748
0x1867f370:   1867f398 1cb2c7c1 1d83ae5c 1df2bf30
0x1867f380:   1c284de9 1e5b3a10 1c1f0f22 00000000
0x1867f390:   1df59e48 1e010ab0 1867f3b0 1c9bcf65
0x1867f3a0:   1e5b3a10 00000001 1e010ab0 1d3f09fc
0x1867f3b0:   1867f3c0 1c9bcd6c 1e010ab0 1e92b4c8 

Instructions: (pc=0x1cbdc1e3)
0x1cbdc1c3:   24 89 5e 28 5e 5b c3 cc cc cc cc cc cc 55 8b ec
0x1cbdc1d3:   83 ec 08 56 57 8b f9 8b 47 0c c7 07 cc ae 15 1d
0x1cbdc1e3:   8b 30 3b f0 74 53 8b 15 6c 64 2b 1d 90 8b 4e 1c
0x1cbdc1f3:   85 c9 74 0e 8b 01 8b 10 6a 01 ff d2 8b 15 6c 64 


Register to memory mapping:

EAX=
[error occurred during error reporting (printing register info), id 0xc0000005]

Stack: [0x18630000,0x18680000],  sp=0x1867f340,  free space=316k
Native frames: (J=compiled Java code, j=interpreted, Vv=VM code, C=native code)
C  [atioglxx.dll+0xa6c1e3]  atiPS+0x16baf3
C  [atioglxx.dll+0x9403c8]  atiPS+0x3fcd8
C  [atioglxx.dll+0x9bc7c1]  atiPS+0xbc0d1
C  [atioglxx.dll+0x84cf65]  DrvPresentBuffers+0x803d35
C  [atioglxx.dll+0x84cd6c]  DrvPresentBuffers+0x803b3c
C  [atioglxx.dll+0x864fb0]  DrvPresentBuffers+0x81bd80
C  [atioglxx.dll+0x84824f]  DrvPresentBuffers+0x7ff01f
C  [atioglxx.dll+0x850ade]  DrvPresentBuffers+0x8078ae
C  [atioglxx.dll+0x19277]  DrvDeleteContext+0x127
C  [OpenGL32.dll+0x3b97c]  wglDeleteContext+0x58
C  [OpenGL32.dll+0x3a7de]  wglSwapMultipleBuffers+0x531
C  [OpenGL32.dll+0x2997d]  glTexSubImage2D+0x2572c
C  [OpenGL32.dll+0x9aeed]  wglChoosePixelFormat+0x549d2
C  [ntdll.dll+0x399a0]  RtlQueryEnvironmentVariable+0x241
C  [ntdll.dll+0x4d702]  LdrShutdownProcess+0x141
C  [ntdll.dll+0x4d5a4]  RtlExitUserProcess+0x74
C  [kernel32.dll+0x17a0d]  ExitProcess+0x15
C  [msvcr100.dll+0x27ec3]  IsExceptionObjectToBeDestroyed+0x2ac
C  [msvcr100.dll+0x27fe0]  IsExceptionObjectToBeDestroyed+0x3c9
C  [msvcr100.dll+0x28051]  exit+0x11
V  [jvm.dll+0x12a2b2]
V  [jvm.dll+0x1504fd]
V  [jvm.dll+0x14f6ce]
V  [jvm.dll+0x14fa57]
V  [jvm.dll+0x14ff22]
V  [jvm.dll+0x1802a9]
C  [msvcr100.dll+0x5c6de]  endthreadex+0x3a
C  [msvcr100.dll+0x5c788]  endthreadex+0xe4
C  [kernel32.dll+0x133aa]  BaseThreadInitThunk+0x12
C  [ntdll.dll+0x39f72]  RtlInitializeExceptionChain+0x63
C  [ntdll.dll+0x39f45]  RtlInitializeExceptionChain+0x36

VM_Operation (0x1eb6e420): Exit, mode: safepoint, requested by thread 0x1b873c00


---------------  P R O C E S S  ---------------

Java Threads: ( => current thread )
  0x0087c000 JavaThread "DestroyJavaVM" [_thread_blocked, id=5652, stack(0x00cd0000,0x00d20000)]
  0x1ed12c00 JavaThread "Timer-0" [_thread_blocked, id=11392, stack(0x19aa0000,0x19af0000)]
  0x1b873c00 JavaThread "AWT-EventQueue-0" [_thread_blocked, id=4176, stack(0x1eb20000,0x1eb70000)]
  0x1b86d800 JavaThread "AWT-Shutdown" [_thread_blocked, id=11772, stack(0x1c0a0000,0x1c0f0000)]
  0x0101b800 JavaThread "Java2D Disposer" daemon [_thread_blocked, id=11680, stack(0x19590000,0x195e0000)]
  0x00f14000 JavaThread "Service Thread" daemon [_thread_blocked, id=8652, stack(0x191d0000,0x19220000)]
  0x00f0fc00 JavaThread "C1 CompilerThread0" daemon [_thread_blocked, id=8420, stack(0x19240000,0x19290000)]
  0x00f02400 JavaThread "JDWP Command Reader" daemon [_thread_blocked, id=9728, stack(0x19310000,0x19360000)]
  0x00efc000 JavaThread "JDWP Event Helper Thread" daemon [_thread_blocked, id=5572, stack(0x190c0000,0x19110000)]
  0x00eefc00 JavaThread "JDWP Transport Listener: dt_socket" daemon [_thread_blocked, id=11624, stack(0x18e70000,0x18ec0000)]
  0x00ee8400 JavaThread "Attach Listener" daemon [_thread_blocked, id=12104, stack(0x18930000,0x18980000)]
  0x00ee5000 JavaThread "Signal Dispatcher" daemon [_thread_blocked, id=12712, stack(0x187e0000,0x18830000)]
  0x00e8f800 JavaThread "Finalizer" daemon [_thread_blocked, id=13028, stack(0x18870000,0x188c0000)]
  0x00e8a000 JavaThread "Reference Handler" daemon [_thread_blocked, id=7020, stack(0x18760000,0x187b0000)]

Other Threads:
=>0x00e86400 VMThread [stack: 0x18630000,0x18680000] [id=3504]

VM state:at safepoint (shutting down)

VM Mutex/Monitor currently owned by a thread:  ([mutex/lock_event])
[0x00879b20] Threads_lock - owner thread: 0x00e86400

Heap
 def new generation   total 14592K, used 2623K [0x045f0000, 0x055c0000, 0x09b40000)
  eden space 12992K,  19% used [0x045f0000, 0x0486e8d8, 0x052a0000)
  from space 1600K,   4% used [0x052a0000, 0x052b1698, 0x05430000)
  to   space 1600K,   0% used [0x05430000, 0x05430000, 0x055c0000)
 tenured generation   total 32248K, used 23455K [0x09b40000, 0x0babe000, 0x145f0000)
   the space 32248K,  72% used [0x09b40000, 0x0b227f60, 0x0b228000, 0x0babe000)
 compacting perm gen  total 12288K, used 9999K [0x145f0000, 0x151f0000, 0x185f0000)
   the space 12288K,  81% used [0x145f0000, 0x14fb3c70, 0x14fb3e00, 0x151f0000)
No shared spaces configured.

Card table byte_map: [0x00be0000,0x00c90000] byte_map_base: 0x00bbd080

Polling page: 0x00240000

Code Cache  [0x025f0000, 0x02778000, 0x045f0000)
 total_blobs=818 nmethods=446 adapters=315 free_code_cache=31207Kb largest_free_block=31956736

Compilation events (10 events):
Event: 17.320 Thread 0x00f0fc00  443             java.awt.EventQueue::noEvents (29 bytes)
Event: 17.321 Thread 0x00f0fc00 nmethod 443 0x02775308 code [0x02775410, 0x027754f0]
Event: 17.488 Thread 0x00f0fc00  444             java.awt.Toolkit::getEventQueue (7 bytes)
Event: 17.489 Thread 0x00f0fc00 nmethod 444 0x027755c8 code [0x027756d0, 0x02775768]
Event: 17.965 Thread 0x00f0fc00  445             java.nio.ByteBuffer::<init> (45 bytes)
Event: 17.966 Thread 0x00f0fc00 nmethod 445 0x027757c8 code [0x027758c0, 0x0277599c]
Event: 18.228 Thread 0x00f0fc00  446             java.lang.ref.Reference::<init> (7 bytes)
Event: 18.228 Thread 0x00f0fc00 nmethod 446 0x02775a08 code [0x02775b00, 0x02775ba0]
Event: 18.420 Thread 0x00f0fc00  448             com.jogamp.common.nio.StructAccessor::<init> (16 bytes)
Event: 18.420 Thread 0x00f0fc00 nmethod 448 0x02775e88 code [0x02775f90, 0x0277604c]

GC Heap History (10 events):
Event: 17.992 GC heap before
{Heap before GC invocations=96 (full 3):
 def new generation   total 14592K, used 13570K [0x045f0000, 0x055c0000, 0x09b40000)
  eden space 12992K, 100% used [0x045f0000, 0x052a0000, 0x052a0000)
  from space 1600K,  36% used [0x05430000, 0x054c0ba0, 0x055c0000)
  to   space 1600K,   0% used [0x052a0000, 0x052a0000, 0x05430000)
 tenured generation   total 32248K, used 23455K [0x09b40000, 0x0babe000, 0x145f0000)
   the space 32248K,  72% used [0x09b40000, 0x0b227dc8, 0x0b227e00, 0x0babe000)
 compacting perm gen  total 12288K, used 9973K [0x145f0000, 0x151f0000, 0x185f0000)
   the space 12288K,  81% used [0x145f0000, 0x14fad540, 0x14fad600, 0x151f0000)
No shared spaces configured.
Event: 17.994 GC heap after
Heap after GC invocations=97 (full 3):
 def new generation   total 14592K, used 66K [0x045f0000, 0x055c0000, 0x09b40000)
  eden space 12992K,   0% used [0x045f0000, 0x045f0000, 0x052a0000)
  from space 1600K,   4% used [0x052a0000, 0x052b0840, 0x05430000)
  to   space 1600K,   0% used [0x05430000, 0x05430000, 0x055c0000)
 tenured generation   total 32248K, used 23455K [0x09b40000, 0x0babe000, 0x145f0000)
   the space 32248K,  72% used [0x09b40000, 0x0b227e60, 0x0b228000, 0x0babe000)
 compacting perm gen  total 12288K, used 9973K [0x145f0000, 0x151f0000, 0x185f0000)
   the space 12288K,  81% used [0x145f0000, 0x14fad540, 0x14fad600, 0x151f0000)
No shared spaces configured.
}
Event: 18.141 GC heap before
{Heap before GC invocations=97 (full 3):
 def new generation   total 14592K, used 13058K [0x045f0000, 0x055c0000, 0x09b40000)
  eden space 12992K, 100% used [0x045f0000, 0x052a0000, 0x052a0000)
  from space 1600K,   4% used [0x052a0000, 0x052b0840, 0x05430000)
  to   space 1600K,   0% used [0x05430000, 0x05430000, 0x055c0000)
 tenured generation   total 32248K, used 23455K [0x09b40000, 0x0babe000, 0x145f0000)
   the space 32248K,  72% used [0x09b40000, 0x0b227e60, 0x0b228000, 0x0babe000)
 compacting perm gen  total 12288K, used 9973K [0x145f0000, 0x151f0000, 0x185f0000)
   the space 12288K,  81% used [0x145f0000, 0x14fad540, 0x14fad600, 0x151f0000)
No shared spaces configured.
Event: 18.144 GC heap after
Heap after GC invocations=98 (full 3):
 def new generation   total 14592K, used 246K [0x045f0000, 0x055c0000, 0x09b40000)
  eden space 12992K,   0% used [0x045f0000, 0x045f0000, 0x052a0000)
  from space 1600K,  15% used [0x05430000, 0x0546d940, 0x055c0000)
  to   space 1600K,   0% used [0x052a0000, 0x052a0000, 0x05430000)
 tenured generation   total 32248K, used 23455K [0x09b40000, 0x0babe000, 0x145f0000)
   the space 32248K,  72% used [0x09b40000, 0x0b227e60, 0x0b228000, 0x0babe000)
 compacting perm gen  total 12288K, used 9973K [0x145f0000, 0x151f0000, 0x185f0000)
   the space 12288K,  81% used [0x145f0000, 0x14fad540, 0x14fad600, 0x151f0000)
No shared spaces configured.
}
Event: 18.288 GC heap before
{Heap before GC invocations=98 (full 3):
 def new generation   total 14592K, used 13238K [0x045f0000, 0x055c0000, 0x09b40000)
  eden space 12992K, 100% used [0x045f0000, 0x052a0000, 0x052a0000)
  from space 1600K,  15% used [0x05430000, 0x0546d940, 0x055c0000)
  to   space 1600K,   0% used [0x052a0000, 0x052a0000, 0x05430000)
 tenured generation   total 32248K, used 23455K [0x09b40000, 0x0babe000, 0x145f0000)
   the space 32248K,  72% used [0x09b40000, 0x0b227e60, 0x0b228000, 0x0babe000)
 compacting perm gen  total 12288K, used 9973K [0x145f0000, 0x151f0000, 0x185f0000)
   the space 12288K,  81% used [0x145f0000, 0x14fad540, 0x14fad600, 0x151f0000)
No shared spaces configured.
Event: 18.291 GC heap after
Heap after GC invocations=99 (full 3):
 def new generation   total 14592K, used 426K [0x045f0000, 0x055c0000, 0x09b40000)
  eden space 12992K,   0% used [0x045f0000, 0x045f0000, 0x052a0000)
  from space 1600K,  26% used [0x052a0000, 0x0530a8b0, 0x05430000)
  to   space 1600K,   0% used [0x05430000, 0x05430000, 0x055c0000)
 tenured generation   total 32248K, used 23455K [0x09b40000, 0x0babe000, 0x145f0000)
   the space 32248K,  72% used [0x09b40000, 0x0b227f60, 0x0b228000, 0x0babe000)
 compacting perm gen  total 12288K, used 9973K [0x145f0000, 0x151f0000, 0x185f0000)
   the space 12288K,  81% used [0x145f0000, 0x14fad540, 0x14fad600, 0x151f0000)
No shared spaces configured.
}
Event: 18.439 GC heap before
{Heap before GC invocations=99 (full 3):
 def new generation   total 14592K, used 13379K [0x045f0000, 0x055c0000, 0x09b40000)
  eden space 12992K,  99% used [0x045f0000, 0x052964e8, 0x052a0000)
  from space 1600K,  26% used [0x052a0000, 0x0530a8b0, 0x05430000)
  to   space 1600K,   0% used [0x05430000, 0x05430000, 0x055c0000)
 tenured generation   total 32248K, used 23455K [0x09b40000, 0x0babe000, 0x145f0000)
   the space 32248K,  72% used [0x09b40000, 0x0b227f60, 0x0b228000, 0x0babe000)
 compacting perm gen  total 12288K, used 9973K [0x145f0000, 0x151f0000, 0x185f0000)
   the space 12288K,  81% used [0x145f0000, 0x14fad540, 0x14fad600, 0x151f0000)
No shared spaces configured.
Event: 18.443 GC heap after
Heap after GC invocations=100 (full 3):
 def new generation   total 14592K, used 578K [0x045f0000, 0x055c0000, 0x09b40000)
  eden space 12992K,   0% used [0x045f0000, 0x045f0000, 0x052a0000)
  from space 1600K,  36% used [0x05430000, 0x054c0878, 0x055c0000)
  to   space 1600K,   0% used [0x052a0000, 0x052a0000, 0x05430000)
 tenured generation   total 32248K, used 23455K [0x09b40000, 0x0babe000, 0x145f0000)
   the space 32248K,  72% used [0x09b40000, 0x0b227f60, 0x0b228000, 0x0babe000)
 compacting perm gen  total 12288K, used 9973K [0x145f0000, 0x151f0000, 0x185f0000)
   the space 12288K,  81% used [0x145f0000, 0x14fad540, 0x14fad600, 0x151f0000)
No shared spaces configured.
}
Event: 18.588 GC heap before
{Heap before GC invocations=100 (full 3):
 def new generation   total 14592K, used 13570K [0x045f0000, 0x055c0000, 0x09b40000)
  eden space 12992K, 100% used [0x045f0000, 0x052a0000, 0x052a0000)
  from space 1600K,  36% used [0x05430000, 0x054c0878, 0x055c0000)
  to   space 1600K,   0% used [0x052a0000, 0x052a0000, 0x05430000)
 tenured generation   total 32248K, used 23455K [0x09b40000, 0x0babe000, 0x145f0000)
   the space 32248K,  72% used [0x09b40000, 0x0b227f60, 0x0b228000, 0x0babe000)
 compacting perm gen  total 12288K, used 9973K [0x145f0000, 0x151f0000, 0x185f0000)
   the space 12288K,  81% used [0x145f0000, 0x14fad540, 0x14fad600, 0x151f0000)
No shared spaces configured.
Event: 18.590 GC heap after
Heap after GC invocations=101 (full 3):
 def new generation   total 14592K, used 69K [0x045f0000, 0x055c0000, 0x09b40000)
  eden space 12992K,   0% used [0x045f0000, 0x045f0000, 0x052a0000)
  from space 1600K,   4% used [0x052a0000, 0x052b1698, 0x05430000)
  to   space 1600K,   0% used [0x05430000, 0x05430000, 0x055c0000)
 tenured generation   total 32248K, used 23455K [0x09b40000, 0x0babe000, 0x145f0000)
   the space 32248K,  72% used [0x09b40000, 0x0b227f60, 0x0b228000, 0x0babe000)
 compacting perm gen  total 12288K, used 9973K [0x145f0000, 0x151f0000, 0x185f0000)
   the space 12288K,  81% used [0x145f0000, 0x14fad540, 0x14fad600, 0x151f0000)
No shared spaces configured.
}

Deoptimization events (0 events):
No events

Internal exceptions (10 events):
Event: 7.693 Thread 0x1b873c00 Threw 0x048f74c0 at C:\jdk7u2_32P\jdk7u21\hotspot\src\share\vm\prims\jvm.cpp:1166
Event: 7.722 Thread 0x1b873c00 Threw 0x0499eaa0 at C:\jdk7u2_32P\jdk7u21\hotspot\src\share\vm\prims\jvm.cpp:1166
Event: 8.020 Thread 0x1b873c00 Threw 0x046dead8 at C:\jdk7u2_32P\jdk7u21\hotspot\src\share\vm\prims\jvm.cpp:1166
Event: 9.654 Thread 0x1b873c00 Threw 0x0509a070 at C:\jdk7u2_32P\jdk7u21\hotspot\src\share\vm\prims\jvm.cpp:1166
Event: 9.951 Thread 0x1ed12c00 Threw 0x04696130 at C:\jdk7u2_32P\jdk7u21\hotspot\src\share\vm\prims\jvm.cpp:1166
Event: 18.624 Thread 0x1ee1a000 Threw 0x0484cb20 at C:\jdk7u2_32P\jdk7u21\hotspot\src\share\vm\prims\jvm.cpp:1166
Event: 18.626 Thread 0x1ee1a000 Threw 0x04853280 at C:\jdk7u2_32P\jdk7u21\hotspot\src\share\vm\prims\jvm.cpp:1166
Event: 18.627 Thread 0x1ee1a000 Threw 0x04856878 at C:\jdk7u2_32P\jdk7u21\hotspot\src\share\vm\prims\jvm.cpp:1166
Event: 18.630 Thread 0x1ee1a000 Threw 0x0485bef8 at C:\jdk7u2_32P\jdk7u21\hotspot\src\share\vm\prims\jvm.cpp:1166
Event: 18.632 Thread 0x1ee1a000 Threw 0x04861780 at C:\jdk7u2_32P\jdk7u21\hotspot\src\share\vm\prims\jvm.cpp:1166

Events (10 events):
Event: 18.627 loading class 0x1b602558
Event: 18.627 loading class 0x1b602558 done
Event: 18.630 loading class 0x1b6024d8
Event: 18.630 loading class 0x1b6024d8 done
Event: 18.632 loading class 0x00f82ae8
Event: 18.632 loading class 0x00f82ae8 done
Event: 18.633 Thread 0x1ee1a000 Thread exited: 0x1ee1a000
Event: 18.640 Thread 0x00ff0400 Thread exited: 0x00ff0400
Event: 18.719 Thread 0x1ed8c800 Thread exited: 0x1ed8c800
Event: 18.721 Executing VM operation: Exit


Dynamic libraries:
0x011c0000 - 0x011ef000 	C:\Program Files (x86)\Java\jre7\bin\javaw.exe
0x77380000 - 0x77500000 	C:\windows\SysWOW64\ntdll.dll
0x76930000 - 0x76a40000 	C:\windows\syswow64\kernel32.dll
0x75550000 - 0x75597000 	C:\windows\syswow64\KERNELBASE.dll
0x75170000 - 0x75210000 	C:\windows\syswow64\ADVAPI32.dll
0x75210000 - 0x752bc000 	C:\windows\syswow64\msvcrt.dll
0x765c0000 - 0x765d9000 	C:\windows\SysWOW64\sechost.dll
0x75080000 - 0x75170000 	C:\windows\syswow64\RPCRT4.dll
0x74dd0000 - 0x74e30000 	C:\windows\syswow64\SspiCli.dll
0x74dc0000 - 0x74dcc000 	C:\windows\syswow64\CRYPTBASE.dll
0x76e80000 - 0x76f80000 	C:\windows\syswow64\USER32.dll
0x76a70000 - 0x76b00000 	C:\windows\syswow64\GDI32.dll
0x76d30000 - 0x76d3a000 	C:\windows\syswow64\LPK.dll
0x752c0000 - 0x7535d000 	C:\windows\syswow64\USP10.dll
0x710a0000 - 0x7123e000 	C:\windows\WinSxS\x86_microsoft.windows.common-controls_6595b64144ccf1df_6.0.7601.17514_none_41e6975e2bd6f2b2\COMCTL32.dll
0x76e20000 - 0x76e77000 	C:\windows\syswow64\SHLWAPI.dll
0x76d50000 - 0x76db0000 	C:\windows\system32\IMM32.DLL
0x75480000 - 0x7554c000 	C:\windows\syswow64\MSCTF.dll
0x6e310000 - 0x6e3ce000 	C:\Program Files (x86)\Java\jre7\bin\msvcr100.dll
0x6c5b0000 - 0x6c8ff000 	C:\Program Files (x86)\Java\jre7\bin\client\jvm.dll
0x73390000 - 0x73397000 	C:\windows\system32\WSOCK32.dll
0x76db0000 - 0x76de5000 	C:\windows\syswow64\WS2_32.dll
0x76d20000 - 0x76d26000 	C:\windows\syswow64\NSI.dll
0x72b30000 - 0x72b62000 	C:\windows\system32\WINMM.dll
0x76e00000 - 0x76e05000 	C:\windows\syswow64\PSAPI.DLL
0x74af0000 - 0x74afc000 	C:\Program Files (x86)\Java\jre7\bin\verify.dll
0x74890000 - 0x748b0000 	C:\Program Files (x86)\Java\jre7\bin\java.dll
0x74860000 - 0x7488a000 	C:\Program Files (x86)\Java\jre7\bin\jdwp.dll
0x74b20000 - 0x74b27000 	C:\Program Files (x86)\Java\jre7\bin\npt.dll
0x74940000 - 0x74953000 	C:\Program Files (x86)\Java\jre7\bin\zip.dll
0x74810000 - 0x74818000 	C:\Program Files (x86)\Java\jre7\bin\dt_socket.dll
0x73a50000 - 0x73a60000 	C:\windows\system32\NLAapi.dll
0x6e000000 - 0x6e010000 	C:\windows\system32\napinsp.dll
0x6de30000 - 0x6de42000 	C:\windows\system32\pnrpnsp.dll
0x73330000 - 0x7336c000 	C:\windows\System32\mswsock.dll
0x6e410000 - 0x6e454000 	C:\windows\system32\DNSAPI.dll
0x6dd90000 - 0x6dd98000 	C:\windows\System32\winrnr.dll
0x6dd70000 - 0x6dd7d000 	C:\windows\system32\wshbth.dll
0x6e470000 - 0x6e497000 	C:\Program Files (x86)\Common Files\Microsoft Shared\Windows Live\WLIDNSP.DLL
0x73a70000 - 0x73a91000 	C:\Program Files (x86)\Bonjour\mdnsNSP.dll
0x72240000 - 0x7225c000 	C:\windows\system32\Iphlpapi.DLL
0x72bd0000 - 0x72bd7000 	C:\windows\system32\WINNSI.DLL
0x6dfc0000 - 0x6dff8000 	C:\windows\System32\fwpuclnt.dll
0x6de20000 - 0x6de26000 	C:\windows\system32\rasadhlp.dll
0x73320000 - 0x73325000 	C:\windows\System32\wshtcpip.dll
0x6cb00000 - 0x6cc42000 	C:\Program Files (x86)\Java\jre7\bin\awt.dll
0x76520000 - 0x765af000 	C:\windows\syswow64\OLEAUT32.dll
0x74e30000 - 0x74f8c000 	C:\windows\syswow64\ole32.dll
0x74ba0000 - 0x74bb3000 	C:\windows\system32\DWMAPI.DLL
0x74980000 - 0x74a00000 	C:\windows\system32\uxtheme.dll
0x18680000 - 0x186b6000 	C:\Program Files (x86)\Lenovo\Onekey Theater\ActiveDetect32.dll
0x00700000 - 0x00720000 	C:\Program Files (x86)\Lenovo\Onekey Theater\WindowsApiHookDll32.dll
0x72bb0000 - 0x72bb9000 	C:\windows\system32\VERSION.dll
0x6e070000 - 0x6e233000 	C:\windows\system32\d3d9.dll
0x73a60000 - 0x73a66000 	C:\windows\system32\d3d8thk.dll
0x74cc0000 - 0x74d79000 	C:\windows\system32\aticfx32.dll
0x65270000 - 0x6527b000 	C:\windows\system32\atiu9pag.dll
0x755b0000 - 0x761fa000 	C:\windows\syswow64\SHELL32.dll
0x72b80000 - 0x72b96000 	C:\windows\system32\CRYPTSP.dll
0x729a0000 - 0x729db000 	C:\windows\system32\rsaenh.dll
0x72cf0000 - 0x72d07000 	C:\windows\system32\USERENV.dll
0x72d50000 - 0x72d5b000 	C:\windows\system32\profapi.dll
0x747f0000 - 0x74804000 	C:\Program Files (x86)\Java\jre7\bin\net.dll
0x6dd80000 - 0x6dd86000 	C:\windows\System32\wship6.dll
0x747e0000 - 0x747ee000 	C:\Program Files (x86)\Java\jre7\bin\nio.dll
0x637c0000 - 0x637ca000 	C:\Users\Danny\AppData\Local\Temp\jogamp_0000\file_cache\jln3974309479294464014\jln3408278515518665402\gluegen-rt.dll
0x747d0000 - 0x747d6000 	C:\Program Files (x86)\Java\jre7\bin\jawt.dll
0x6a440000 - 0x6a44a000 	C:\Users\Danny\AppData\Local\Temp\jogamp_0000\file_cache\jln3974309479294464014\jln3408278515518665402\nativewindow_awt.dll
0x6c100000 - 0x6c110000 	C:\Users\Danny\AppData\Local\Temp\jogamp_0000\file_cache\jln3974309479294464014\jln3408278515518665402\nativewindow_win32.dll
0x6def0000 - 0x6dfb8000 	C:\windows\system32\OpenGL32.dll
0x747a0000 - 0x747c2000 	C:\windows\system32\GLU32.dll
0x6ca10000 - 0x6caf7000 	C:\windows\system32\DDRAW.dll
0x74790000 - 0x74796000 	C:\windows\system32\DCIMAN32.dll
0x76b10000 - 0x76cad000 	C:\windows\syswow64\SETUPAPI.dll
0x764f0000 - 0x76517000 	C:\windows\syswow64\CFGMGR32.dll
0x76d00000 - 0x76d12000 	C:\windows\syswow64\DEVOBJ.dll
0x64500000 - 0x6456a000 	C:\Users\Danny\AppData\Local\Temp\jogamp_0000\file_cache\jln3974309479294464014\jln3408278515518665402\jogl_desktop.dll
0x74730000 - 0x74737000 	C:\windows\system32\atiglpxx.dll
0x1c170000 - 0x1d3a1000 	C:\windows\system32\atioglxx.dll
0x74780000 - 0x7478b000 	C:\windows\system32\atigktxx.dll
0x194a0000 - 0x194fb000 	C:\windows\system32\atiadlxy.dll
0x72ce0000 - 0x72ced000 	C:\windows\system32\WTSAPI32.dll
0x76a40000 - 0x76a6e000 	C:\windows\syswow64\WINTRUST.dll
0x75360000 - 0x75480000 	C:\windows\syswow64\CRYPT32.dll
0x755a0000 - 0x755ac000 	C:\windows\syswow64\MSASN1.dll
0x73b20000 - 0x73b51000 	C:\Program Files (x86)\Java\jre7\bin\fontmanager.dll
0x74700000 - 0x74725000 	C:\Program Files (x86)\Java\jre7\bin\jpeg.dll
0x746d0000 - 0x746fd000 	C:\Program Files (x86)\Java\jre7\bin\kcms.dll
0x72820000 - 0x7290b000 	C:\windows\system32\dbghelp.dll

VM Arguments:
jvm_args: -agentlib:jdwp=transport=dt_socket,suspend=y,address=localhost:52896 -Dfile.encoding=Cp1252 
java_command: flaxapps.JOGL2Nehe10World3D
Launcher Type: SUN_STANDARD

Environment Variables:
CLASSPATH=C:\Program Files (x86)\Java\jre7\lib\ext\QTJava.zip, C:\Users\Danny\Downloads\JSQL
PATH=C:/Program Files/Java/jdk1.7.0_17/bin/../jre/bin/server;C:/Program Files/Java/jdk1.7.0_17/bin/../jre/bin;C:/Program Files/Java/jdk1.7.0_17/bin/../jre/lib/amd64;C:\Program Files\Java\jre7\bin\;C:\Program Files\Java\jdk1.7.0_17\bin\;C:\Program Files\Common Files\Microsoft Shared\Windows Live;C:\Program Files (x86)\Common Files\Microsoft Shared\Windows Live;C:\Program Files (x86)\AMD APP\bin\x86_64;C:\Program Files (x86)\AMD APP\bin\x86;C:\windows\system32;C:\windows;C:\windows\System32\Wbem;C:\windows\System32\WindowsPowerShell\v1.0\;C:\Program Files (x86)\ATI Technologies\ATI.ACE\Core-Static;C:\Program Files (x86)\Windows Live\Shared;C:\Program Files (x86)\QuickTime\QTSystem\;C:\Program Files (x86)\Smart Projects\IsoBuster;C:\Program Files\TortoiseHg\;C:\texlive\2012\bin\win32;C:\Users\Danny\Documents\as;
USERNAME=Danny
OS=Windows_NT
PROCESSOR_IDENTIFIER=AMD64 Family 18 Model 1 Stepping 0, AuthenticAMD



---------------  S Y S T E M  ---------------

OS: Windows 7 , 64 bit Build 7601 Service Pack 1

CPU:total 4 (4 cores per cpu, 1 threads per core) family 18 model 1 stepping 0, cmov, cx8, fxsr, mmx, sse, sse2, sse3, popcnt, mmxext, 3dnowpref, lzcnt, sse4a, tsc, tscinvbit, tscinv

Memory: 4k page, physical 3643504k(1755944k free), swap 7285148k(4681084k free)

vm_info: Java HotSpot(TM) Client VM (23.21-b01) for windows-x86 JRE (1.7.0_21-b11), built on Apr  4 2013 04:43:10 by "java_re" with unknown MS VC++:1600

time: Sat Aug 31 11:55:27 2013
elapsed time: 19 seconds

